This is pdfTeX, Version 3.141592653-2.6-1.40.22 (MiKTeX 21.6.28) (preloaded format=pdflatex 2021.7.10)  19 OCT 2021 20:41
entering extended mode
**./Beamer.tex
(Beamer.tex
LaTeX2e <2021-06-01> patch level 1
L3 programming layer <2021-06-18>
(C:\Users\Arnaud\AppData\Local\Programs\MiKTeX\tex/latex/beamer\beamer.cls
Document Class: beamer 2021/05/26 v3.63 A class for typesetting presentations

(C:\Users\Arnaud\AppData\Local\Programs\MiKTeX\tex/latex/beamer\beamerbasemodes
.sty
(C:\Users\Arnaud\AppData\Local\Programs\MiKTeX\tex/latex/etoolbox\etoolbox.sty
Package: etoolbox 2020/10/05 v2.5k e-TeX tools for LaTeX (JAW)
\etb@tempcnta=\count182
)
\beamer@tempbox=\box50
\beamer@tempcount=\count183
\c@beamerpauses=\count184

(C:\Users\Arnaud\AppData\Local\Programs\MiKTeX\tex/latex/beamer\beamerbasedecod
e.sty
\beamer@slideinframe=\count185
\beamer@minimum=\count186
\beamer@decode@box=\box51
)
\beamer@commentbox=\box52
\beamer@modecount=\count187
)
(C:\Users\Arnaud\AppData\Local\Programs\MiKTeX\tex/generic/iftex\ifpdf.sty
Package: ifpdf 2019/10/25 v3.4 ifpdf legacy package. Use iftex instead.

(C:\Users\Arnaud\AppData\Local\Programs\MiKTeX\tex/generic/iftex\iftex.sty
Package: iftex 2020/03/06 v1.0d TeX engine tests
))
\headdp=\dimen138
\footheight=\dimen139
\sidebarheight=\dimen140
\beamer@tempdim=\dimen141
\beamer@finalheight=\dimen142
\beamer@animht=\dimen143
\beamer@animdp=\dimen144
\beamer@animwd=\dimen145
\beamer@leftmargin=\dimen146
\beamer@rightmargin=\dimen147
\beamer@leftsidebar=\dimen148
\beamer@rightsidebar=\dimen149
\beamer@boxsize=\dimen150
\beamer@vboxoffset=\dimen151
\beamer@descdefault=\dimen152
\beamer@descriptionwidth=\dimen153
\beamer@lastskip=\skip47
\beamer@areabox=\box53
\beamer@animcurrent=\box54
\beamer@animshowbox=\box55
\beamer@sectionbox=\box56
\beamer@logobox=\box57
\beamer@linebox=\box58
\beamer@sectioncount=\count188
\beamer@subsubsectionmax=\count189
\beamer@subsectionmax=\count190
\beamer@sectionmax=\count191
\beamer@totalheads=\count192
\beamer@headcounter=\count193
\beamer@partstartpage=\count194
\beamer@sectionstartpage=\count195
\beamer@subsectionstartpage=\count196
\beamer@animationtempa=\count197
\beamer@animationtempb=\count198
\beamer@xpos=\count199
\beamer@ypos=\count266
\beamer@ypos@offset=\count267
\beamer@showpartnumber=\count268
\beamer@currentsubsection=\count269
\beamer@coveringdepth=\count270
\beamer@sectionadjust=\count271
\beamer@toclastsection=\count272
\beamer@tocsectionnumber=\count273

(C:\Users\Arnaud\AppData\Local\Programs\MiKTeX\tex/latex/beamer\beamerbaseoptio
ns.sty
(C:\Users\Arnaud\AppData\Local\Programs\MiKTeX\tex/latex/graphics\keyval.sty
Package: keyval 2014/10/28 v1.15 key=value parser (DPC)
\KV@toks@=\toks16
))
\beamer@paperwidth=\skip48
\beamer@paperheight=\skip49

(C:\Users\Arnaud\AppData\Local\Programs\MiKTeX\tex/latex/geometry\geometry.sty
Package: geometry 2020/01/02 v5.9 Page Geometry

(C:\Users\Arnaud\AppData\Local\Programs\MiKTeX\tex/generic/iftex\ifvtex.sty
Package: ifvtex 2019/10/25 v1.7 ifvtex legacy package. Use iftex instead.
)
\Gm@cnth=\count274
\Gm@cntv=\count275
\c@Gm@tempcnt=\count276
\Gm@bindingoffset=\dimen154
\Gm@wd@mp=\dimen155
\Gm@odd@mp=\dimen156
\Gm@even@mp=\dimen157
\Gm@layoutwidth=\dimen158
\Gm@layoutheight=\dimen159
\Gm@layouthoffset=\dimen160
\Gm@layoutvoffset=\dimen161
\Gm@dimlist=\toks17

(C:\Users\Arnaud\AppData\Local\Programs\MiKTeX\tex/latex/geometry\geometry.cfg)
) (C:\Users\Arnaud\AppData\Local\Programs\MiKTeX\tex/latex/base\size11.clo
File: size11.clo 2021/02/12 v1.4n Standard LaTeX file (size option)
)
(C:\Users\Arnaud\AppData\Local\Programs\MiKTeX\tex/latex/pgf/basiclayer\pgfcore
.sty
(C:\Users\Arnaud\AppData\Local\Programs\MiKTeX\tex/latex/graphics\graphicx.sty
Package: graphicx 2020/12/05 v1.2c Enhanced LaTeX Graphics (DPC,SPQR)

(C:\Users\Arnaud\AppData\Local\Programs\MiKTeX\tex/latex/graphics\graphics.sty
Package: graphics 2021/03/04 v1.4d Standard LaTeX Graphics (DPC,SPQR)

(C:\Users\Arnaud\AppData\Local\Programs\MiKTeX\tex/latex/graphics\trig.sty
Package: trig 2016/01/03 v1.10 sin cos tan (DPC)
)
(C:\Users\Arnaud\AppData\Local\Programs\MiKTeX\tex/latex/graphics-cfg\graphics.
cfg
File: graphics.cfg 2016/06/04 v1.11 sample graphics configuration
)
Package graphics Info: Driver file: pdftex.def on input line 107.

(C:\Users\Arnaud\AppData\Local\Programs\MiKTeX\tex/latex/graphics-def\pdftex.de
f
File: pdftex.def 2020/10/05 v1.2a Graphics/color driver for pdftex
))
\Gin@req@height=\dimen162
\Gin@req@width=\dimen163
)
(C:\Users\Arnaud\AppData\Local\Programs\MiKTeX\tex/latex/pgf/systemlayer\pgfsys
.sty
(C:\Users\Arnaud\AppData\Local\Programs\MiKTeX\tex/latex/pgf/utilities\pgfrcs.s
ty
(C:\Users\Arnaud\AppData\Local\Programs\MiKTeX\tex/generic/pgf/utilities\pgfuti
l-common.tex
\pgfutil@everybye=\toks18
\pgfutil@tempdima=\dimen164
\pgfutil@tempdimb=\dimen165

(C:\Users\Arnaud\AppData\Local\Programs\MiKTeX\tex/generic/pgf/utilities\pgfuti
l-common-lists.tex))
(C:\Users\Arnaud\AppData\Local\Programs\MiKTeX\tex/generic/pgf/utilities\pgfuti
l-latex.def
\pgfutil@abb=\box59
)
(C:\Users\Arnaud\AppData\Local\Programs\MiKTeX\tex/generic/pgf/utilities\pgfrcs
.code.tex
(C:\Users\Arnaud\AppData\Local\Programs\MiKTeX\tex/generic/pgf\pgf.revision.tex
)
Package: pgfrcs 2021/05/15 v3.1.9a (3.1.9a)
))
(C:\Users\Arnaud\AppData\Local\Programs\MiKTeX\tex/generic/pgf/systemlayer\pgfs
ys.code.tex
Package: pgfsys 2021/05/15 v3.1.9a (3.1.9a)

(C:\Users\Arnaud\AppData\Local\Programs\MiKTeX\tex/generic/pgf/utilities\pgfkey
s.code.tex
\pgfkeys@pathtoks=\toks19
\pgfkeys@temptoks=\toks20

(C:\Users\Arnaud\AppData\Local\Programs\MiKTeX\tex/generic/pgf/utilities\pgfkey
sfiltered.code.tex
\pgfkeys@tmptoks=\toks21
))
\pgf@x=\dimen166
\pgf@y=\dimen167
\pgf@xa=\dimen168
\pgf@ya=\dimen169
\pgf@xb=\dimen170
\pgf@yb=\dimen171
\pgf@xc=\dimen172
\pgf@yc=\dimen173
\pgf@xd=\dimen174
\pgf@yd=\dimen175
\w@pgf@writea=\write3
\r@pgf@reada=\read2
\c@pgf@counta=\count277
\c@pgf@countb=\count278
\c@pgf@countc=\count279
\c@pgf@countd=\count280
\t@pgf@toka=\toks22
\t@pgf@tokb=\toks23
\t@pgf@tokc=\toks24
\pgf@sys@id@count=\count281

(C:\Users\Arnaud\AppData\Local\Programs\MiKTeX\tex/generic/pgf/systemlayer\pgf.
cfg
File: pgf.cfg 2021/05/15 v3.1.9a (3.1.9a)
)
Driver file for pgf: pgfsys-pdftex.def

(C:\Users\Arnaud\AppData\Local\Programs\MiKTeX\tex/generic/pgf/systemlayer\pgfs
ys-pdftex.def
File: pgfsys-pdftex.def 2021/05/15 v3.1.9a (3.1.9a)

(C:\Users\Arnaud\AppData\Local\Programs\MiKTeX\tex/generic/pgf/systemlayer\pgfs
ys-common-pdf.def
File: pgfsys-common-pdf.def 2021/05/15 v3.1.9a (3.1.9a)
)))
(C:\Users\Arnaud\AppData\Local\Programs\MiKTeX\tex/generic/pgf/systemlayer\pgfs
yssoftpath.code.tex
File: pgfsyssoftpath.code.tex 2021/05/15 v3.1.9a (3.1.9a)
\pgfsyssoftpath@smallbuffer@items=\count282
\pgfsyssoftpath@bigbuffer@items=\count283
)
(C:\Users\Arnaud\AppData\Local\Programs\MiKTeX\tex/generic/pgf/systemlayer\pgfs
ysprotocol.code.tex
File: pgfsysprotocol.code.tex 2021/05/15 v3.1.9a (3.1.9a)
))
(C:\Users\Arnaud\AppData\Local\Programs\MiKTeX\tex/latex/xcolor\xcolor.sty
Package: xcolor 2016/05/11 v2.12 LaTeX color extensions (UK)

(C:\Users\Arnaud\AppData\Local\Programs\MiKTeX\tex/latex/graphics-cfg\color.cfg
File: color.cfg 2016/01/02 v1.6 sample color configuration
)
Package xcolor Info: Driver file: pdftex.def on input line 225.
Package xcolor Info: Model `cmy' substituted by `cmy0' on input line 1348.
Package xcolor Info: Model `hsb' substituted by `rgb' on input line 1352.
Package xcolor Info: Model `RGB' extended on input line 1364.
Package xcolor Info: Model `HTML' substituted by `rgb' on input line 1366.
Package xcolor Info: Model `Hsb' substituted by `hsb' on input line 1367.
Package xcolor Info: Model `tHsb' substituted by `hsb' on input line 1368.
Package xcolor Info: Model `HSB' substituted by `hsb' on input line 1369.
Package xcolor Info: Model `Gray' substituted by `gray' on input line 1370.
Package xcolor Info: Model `wave' substituted by `hsb' on input line 1371.
)
(C:\Users\Arnaud\AppData\Local\Programs\MiKTeX\tex/generic/pgf/basiclayer\pgfco
re.code.tex
Package: pgfcore 2021/05/15 v3.1.9a (3.1.9a)

(C:\Users\Arnaud\AppData\Local\Programs\MiKTeX\tex/generic/pgf/math\pgfmath.cod
e.tex
(C:\Users\Arnaud\AppData\Local\Programs\MiKTeX\tex/generic/pgf/math\pgfmathcalc
.code.tex
(C:\Users\Arnaud\AppData\Local\Programs\MiKTeX\tex/generic/pgf/math\pgfmathutil
.code.tex)
(C:\Users\Arnaud\AppData\Local\Programs\MiKTeX\tex/generic/pgf/math\pgfmathpars
er.code.tex
\pgfmath@dimen=\dimen176
\pgfmath@count=\count284
\pgfmath@box=\box60
\pgfmath@toks=\toks25
\pgfmath@stack@operand=\toks26
\pgfmath@stack@operation=\toks27
)
(C:\Users\Arnaud\AppData\Local\Programs\MiKTeX\tex/generic/pgf/math\pgfmathfunc
tions.code.tex
(C:\Users\Arnaud\AppData\Local\Programs\MiKTeX\tex/generic/pgf/math\pgfmathfunc
tions.basic.code.tex)
(C:\Users\Arnaud\AppData\Local\Programs\MiKTeX\tex/generic/pgf/math\pgfmathfunc
tions.trigonometric.code.tex)
(C:\Users\Arnaud\AppData\Local\Programs\MiKTeX\tex/generic/pgf/math\pgfmathfunc
tions.random.code.tex)
(C:\Users\Arnaud\AppData\Local\Programs\MiKTeX\tex/generic/pgf/math\pgfmathfunc
tions.comparison.code.tex)
(C:\Users\Arnaud\AppData\Local\Programs\MiKTeX\tex/generic/pgf/math\pgfmathfunc
tions.base.code.tex)
(C:\Users\Arnaud\AppData\Local\Programs\MiKTeX\tex/generic/pgf/math\pgfmathfunc
tions.round.code.tex)
(C:\Users\Arnaud\AppData\Local\Programs\MiKTeX\tex/generic/pgf/math\pgfmathfunc
tions.misc.code.tex)
(C:\Users\Arnaud\AppData\Local\Programs\MiKTeX\tex/generic/pgf/math\pgfmathfunc
tions.integerarithmetics.code.tex)))
(C:\Users\Arnaud\AppData\Local\Programs\MiKTeX\tex/generic/pgf/math\pgfmathfloa
t.code.tex
\c@pgfmathroundto@lastzeros=\count285
))
(C:\Users\Arnaud\AppData\Local\Programs\MiKTeX\tex/generic/pgf/math\pgfint.code
.tex)
(C:\Users\Arnaud\AppData\Local\Programs\MiKTeX\tex/generic/pgf/basiclayer\pgfco
repoints.code.tex
File: pgfcorepoints.code.tex 2021/05/15 v3.1.9a (3.1.9a)
\pgf@picminx=\dimen177
\pgf@picmaxx=\dimen178
\pgf@picminy=\dimen179
\pgf@picmaxy=\dimen180
\pgf@pathminx=\dimen181
\pgf@pathmaxx=\dimen182
\pgf@pathminy=\dimen183
\pgf@pathmaxy=\dimen184
\pgf@xx=\dimen185
\pgf@xy=\dimen186
\pgf@yx=\dimen187
\pgf@yy=\dimen188
\pgf@zx=\dimen189
\pgf@zy=\dimen190
)
(C:\Users\Arnaud\AppData\Local\Programs\MiKTeX\tex/generic/pgf/basiclayer\pgfco
repathconstruct.code.tex
File: pgfcorepathconstruct.code.tex 2021/05/15 v3.1.9a (3.1.9a)
\pgf@path@lastx=\dimen191
\pgf@path@lasty=\dimen192
)
(C:\Users\Arnaud\AppData\Local\Programs\MiKTeX\tex/generic/pgf/basiclayer\pgfco
repathusage.code.tex
File: pgfcorepathusage.code.tex 2021/05/15 v3.1.9a (3.1.9a)
\pgf@shorten@end@additional=\dimen193
\pgf@shorten@start@additional=\dimen194
)
(C:\Users\Arnaud\AppData\Local\Programs\MiKTeX\tex/generic/pgf/basiclayer\pgfco
rescopes.code.tex
File: pgfcorescopes.code.tex 2021/05/15 v3.1.9a (3.1.9a)
\pgfpic=\box61
\pgf@hbox=\box62
\pgf@layerbox@main=\box63
\pgf@picture@serial@count=\count286
)
(C:\Users\Arnaud\AppData\Local\Programs\MiKTeX\tex/generic/pgf/basiclayer\pgfco
regraphicstate.code.tex
File: pgfcoregraphicstate.code.tex 2021/05/15 v3.1.9a (3.1.9a)
\pgflinewidth=\dimen195
)
(C:\Users\Arnaud\AppData\Local\Programs\MiKTeX\tex/generic/pgf/basiclayer\pgfco
retransformations.code.tex
File: pgfcoretransformations.code.tex 2021/05/15 v3.1.9a (3.1.9a)
\pgf@pt@x=\dimen196
\pgf@pt@y=\dimen197
\pgf@pt@temp=\dimen198
)
(C:\Users\Arnaud\AppData\Local\Programs\MiKTeX\tex/generic/pgf/basiclayer\pgfco
requick.code.tex
File: pgfcorequick.code.tex 2021/05/15 v3.1.9a (3.1.9a)
)
(C:\Users\Arnaud\AppData\Local\Programs\MiKTeX\tex/generic/pgf/basiclayer\pgfco
reobjects.code.tex
File: pgfcoreobjects.code.tex 2021/05/15 v3.1.9a (3.1.9a)
)
(C:\Users\Arnaud\AppData\Local\Programs\MiKTeX\tex/generic/pgf/basiclayer\pgfco
repathprocessing.code.tex
File: pgfcorepathprocessing.code.tex 2021/05/15 v3.1.9a (3.1.9a)
)
(C:\Users\Arnaud\AppData\Local\Programs\MiKTeX\tex/generic/pgf/basiclayer\pgfco
rearrows.code.tex
File: pgfcorearrows.code.tex 2021/05/15 v3.1.9a (3.1.9a)
\pgfarrowsep=\dimen199
)
(C:\Users\Arnaud\AppData\Local\Programs\MiKTeX\tex/generic/pgf/basiclayer\pgfco
reshade.code.tex
File: pgfcoreshade.code.tex 2021/05/15 v3.1.9a (3.1.9a)
\pgf@max=\dimen256
\pgf@sys@shading@range@num=\count287
\pgf@shadingcount=\count288
)
(C:\Users\Arnaud\AppData\Local\Programs\MiKTeX\tex/generic/pgf/basiclayer\pgfco
reimage.code.tex
File: pgfcoreimage.code.tex 2021/05/15 v3.1.9a (3.1.9a)

(C:\Users\Arnaud\AppData\Local\Programs\MiKTeX\tex/generic/pgf/basiclayer\pgfco
reexternal.code.tex
File: pgfcoreexternal.code.tex 2021/05/15 v3.1.9a (3.1.9a)
\pgfexternal@startupbox=\box64
))
(C:\Users\Arnaud\AppData\Local\Programs\MiKTeX\tex/generic/pgf/basiclayer\pgfco
relayers.code.tex
File: pgfcorelayers.code.tex 2021/05/15 v3.1.9a (3.1.9a)
)
(C:\Users\Arnaud\AppData\Local\Programs\MiKTeX\tex/generic/pgf/basiclayer\pgfco
retransparency.code.tex
File: pgfcoretransparency.code.tex 2021/05/15 v3.1.9a (3.1.9a)
)
(C:\Users\Arnaud\AppData\Local\Programs\MiKTeX\tex/generic/pgf/basiclayer\pgfco
repatterns.code.tex
File: pgfcorepatterns.code.tex 2021/05/15 v3.1.9a (3.1.9a)
)
(C:\Users\Arnaud\AppData\Local\Programs\MiKTeX\tex/generic/pgf/basiclayer\pgfco
rerdf.code.tex
File: pgfcorerdf.code.tex 2021/05/15 v3.1.9a (3.1.9a)
)))
(C:\Users\Arnaud\AppData\Local\Programs\MiKTeX\tex/latex/pgf/utilities\xxcolor.
sty
Package: xxcolor 2003/10/24 ver 0.1
\XC@nummixins=\count289
\XC@countmixins=\count290
)
(C:\Users\Arnaud\AppData\Local\Programs\MiKTeX\tex/latex/base\atbegshi-ltx.sty
Package: atbegshi-ltx 2021/01/10 v1.0c Emulation of the original atbegshi
package with kernel methods
) (C:\Users\Arnaud\AppData\Local\Programs\MiKTeX\tex/latex/hyperref\hyperref.st
y
Package: hyperref 2021-06-07 v7.00m Hypertext links for LaTeX
(C:\Users\Arnaud\AppData\Local\Programs\MiKTeX\tex/generic/ltxcmds\ltxcmds.sty
Package: ltxcmds 2020-05-10 v1.25 LaTeX kernel commands for general use (HO)
)
(C:\Users\Arnaud\AppData\Local\Programs\MiKTeX\tex/generic/pdftexcmds\pdftexcmd
s.sty
Package: pdftexcmds 2020-06-27 v0.33 Utility functions of pdfTeX for LuaTeX (HO
)

(C:\Users\Arnaud\AppData\Local\Programs\MiKTeX\tex/generic/infwarerr\infwarerr.
sty
Package: infwarerr 2019/12/03 v1.5 Providing info/warning/error messages (HO)
)
Package pdftexcmds Info: \pdf@primitive is available.
Package pdftexcmds Info: \pdf@ifprimitive is available.
Package pdftexcmds Info: \pdfdraftmode found.
)
(C:\Users\Arnaud\AppData\Local\Programs\MiKTeX\tex/generic/kvsetkeys\kvsetkeys.
sty
Package: kvsetkeys 2019/12/15 v1.18 Key value parser (HO)
)
(C:\Users\Arnaud\AppData\Local\Programs\MiKTeX\tex/generic/kvdefinekeys\kvdefin
ekeys.sty
Package: kvdefinekeys 2019-12-19 v1.6 Define keys (HO)
)
(C:\Users\Arnaud\AppData\Local\Programs\MiKTeX\tex/generic/pdfescape\pdfescape.
sty
Package: pdfescape 2019/12/09 v1.15 Implements pdfTeX's escape features (HO)
)
(C:\Users\Arnaud\AppData\Local\Programs\MiKTeX\tex/latex/hycolor\hycolor.sty
Package: hycolor 2020-01-27 v1.10 Color options for hyperref/bookmark (HO)
)
(C:\Users\Arnaud\AppData\Local\Programs\MiKTeX\tex/latex/letltxmacro\letltxmacr
o.sty
Package: letltxmacro 2019/12/03 v1.6 Let assignment for LaTeX macros (HO)
)
(C:\Users\Arnaud\AppData\Local\Programs\MiKTeX\tex/latex/auxhook\auxhook.sty
Package: auxhook 2019-12-17 v1.6 Hooks for auxiliary files (HO)
)
(C:\Users\Arnaud\AppData\Local\Programs\MiKTeX\tex/latex/kvoptions\kvoptions.st
y
Package: kvoptions 2020-10-07 v3.14 Key value format for package options (HO)
)
\@linkdim=\dimen257
\Hy@linkcounter=\count291
\Hy@pagecounter=\count292
 (C:\Users\Arnaud\AppData\Local\Programs\MiKTeX\tex/latex/hyperref\pd1enc.def
File: pd1enc.def 2021-06-07 v7.00m Hyperref: PDFDocEncoding definition (HO)
Now handling font encoding PD1 ...
... no UTF-8 mapping file for font encoding PD1
)
(C:\Users\Arnaud\AppData\Local\Programs\MiKTeX\tex/latex/hyperref\hyperref-lang
patches.def
File: hyperref-langpatches.def 2021-06-07 v7.00m Hyperref: patches for babel la
nguages
)
(C:\Users\Arnaud\AppData\Local\Programs\MiKTeX\tex/generic/intcalc\intcalc.sty
Package: intcalc 2019/12/15 v1.3 Expandable calculations with integers (HO)
)
(C:\Users\Arnaud\AppData\Local\Programs\MiKTeX\tex/generic/etexcmds\etexcmds.st
y
Package: etexcmds 2019/12/15 v1.7 Avoid name clashes with e-TeX commands (HO)
)
\Hy@SavedSpaceFactor=\count293
 (C:\Users\Arnaud\AppData\Local\Programs\MiKTeX\tex/latex/hyperref\puenc.def
File: puenc.def 2021-06-07 v7.00m Hyperref: PDF Unicode definition (HO)
Now handling font encoding PU ...
... no UTF-8 mapping file for font encoding PU
)
Package hyperref Info: Option `bookmarks' set `true' on input line 4073.
Package hyperref Info: Option `bookmarksopen' set `true' on input line 4073.
Package hyperref Info: Option `implicit' set `false' on input line 4073.
Package hyperref Info: Hyper figures OFF on input line 4192.
Package hyperref Info: Link nesting OFF on input line 4197.
Package hyperref Info: Hyper index ON on input line 4200.
Package hyperref Info: Plain pages OFF on input line 4207.
Package hyperref Info: Backreferencing OFF on input line 4212.
Package hyperref Info: Implicit mode OFF; no redefinition of LaTeX internals.
Package hyperref Info: Bookmarks ON on input line 4445.
\c@Hy@tempcnt=\count294
(C:\Users\Arnaud\AppData\Local\Programs\MiKTeX\tex/latex/url\url.sty
\Urlmuskip=\muskip16
Package: url 2013/09/16  ver 3.4  Verb mode for urls, etc.
)
LaTeX Info: Redefining \url on input line 4804.
\XeTeXLinkMargin=\dimen258

(C:\Users\Arnaud\AppData\Local\Programs\MiKTeX\tex/generic/bitset\bitset.sty
Package: bitset 2019/12/09 v1.3 Handle bit-vector datatype (HO)

(C:\Users\Arnaud\AppData\Local\Programs\MiKTeX\tex/generic/bigintcalc\bigintcal
c.sty
Package: bigintcalc 2019/12/15 v1.5 Expandable calculations on big integers (HO
)
))
\Fld@menulength=\count295
\Field@Width=\dimen259
\Fld@charsize=\dimen260
Package hyperref Info: Hyper figures OFF on input line 6076.
Package hyperref Info: Link nesting OFF on input line 6081.
Package hyperref Info: Hyper index ON on input line 6084.
Package hyperref Info: backreferencing OFF on input line 6091.
Package hyperref Info: Link coloring OFF on input line 6096.
Package hyperref Info: Link coloring with OCG OFF on input line 6101.
Package hyperref Info: PDF/A mode OFF on input line 6106.
LaTeX Info: Redefining \ref on input line 6146.
LaTeX Info: Redefining \pageref on input line 6150.
\Hy@abspage=\count296


Package hyperref Message: Stopped early.

)
Package hyperref Info: Driver (autodetected): hpdftex.
 (C:\Users\Arnaud\AppData\Local\Programs\MiKTeX\tex/latex/hyperref\hpdftex.def
File: hpdftex.def 2021-06-07 v7.00m Hyperref driver for pdfTeX

(C:\Users\Arnaud\AppData\Local\Programs\MiKTeX\tex/latex/base\atveryend-ltx.sty
Package: atveryend-ltx 2020/08/19 v1.0a Emulation of the original atvery packag
e
with kernel methods
)
\Fld@listcount=\count297
\c@bookmark@seq@number=\count298

(C:\Users\Arnaud\AppData\Local\Programs\MiKTeX\tex/latex/rerunfilecheck\rerunfi
lecheck.sty
Package: rerunfilecheck 2019/12/05 v1.9 Rerun checks for auxiliary files (HO)

(C:\Users\Arnaud\AppData\Local\Programs\MiKTeX\tex/generic/uniquecounter\unique
counter.sty
Package: uniquecounter 2019/12/15 v1.4 Provide unlimited unique counter (HO)
)
Package uniquecounter Info: New unique counter `rerunfilecheck' on input line 2
86.
))
(C:\Users\Arnaud\AppData\Local\Programs\MiKTeX\tex/latex/beamer\beamerbaserequi
res.sty
(C:\Users\Arnaud\AppData\Local\Programs\MiKTeX\tex/latex/beamer\beamerbasecompa
tibility.sty)
(C:\Users\Arnaud\AppData\Local\Programs\MiKTeX\tex/latex/beamer\beamerbasefont.
sty
(C:\Users\Arnaud\AppData\Local\Programs\MiKTeX\tex/latex/amsfonts\amssymb.sty
Package: amssymb 2013/01/14 v3.01 AMS font symbols

(C:\Users\Arnaud\AppData\Local\Programs\MiKTeX\tex/latex/amsfonts\amsfonts.sty
Package: amsfonts 2013/01/14 v3.01 Basic AMSFonts support
\@emptytoks=\toks28
\symAMSa=\mathgroup4
\symAMSb=\mathgroup5
LaTeX Font Info:    Redeclaring math symbol \hbar on input line 98.
LaTeX Font Info:    Overwriting math alphabet `\mathfrak' in version `bold'
(Font)                  U/euf/m/n --> U/euf/b/n on input line 106.
))
(C:\Users\Arnaud\AppData\Local\Programs\MiKTeX\tex/latex/sansmathaccent\sansmat
haccent.sty
Package: sansmathaccent 2020/01/31

(C:\Users\Arnaud\AppData\Local\Programs\MiKTeX\tex/latex/koma-script\scrlfile.s
ty
Package: scrlfile 2021/06/25 v3.34 KOMA-Script package (file load hooks)

(C:\Users\Arnaud\AppData\Local\Programs\MiKTeX\tex/latex/koma-script\scrlfile-h
ook.sty
Package: scrlfile-hook 2021/06/25 v3.34 KOMA-Script package (using LaTeX hooks)


(C:\Users\Arnaud\AppData\Local\Programs\MiKTeX\tex/latex/koma-script\scrlogo.st
y
Package: scrlogo 2021/06/25 v3.34 KOMA-Script package (logo)
)))))
(C:\Users\Arnaud\AppData\Local\Programs\MiKTeX\tex/latex/beamer\beamerbasetrans
lator.sty
(C:\Users\Arnaud\AppData\Local\Programs\MiKTeX\tex/latex/translator\translator.
sty
Package: translator 2021-05-31 v1.12d Easy translation of strings in LaTeX
))
(C:\Users\Arnaud\AppData\Local\Programs\MiKTeX\tex/latex/beamer\beamerbasemisc.
sty)
(C:\Users\Arnaud\AppData\Local\Programs\MiKTeX\tex/latex/beamer\beamerbasetwosc
reens.sty)
(C:\Users\Arnaud\AppData\Local\Programs\MiKTeX\tex/latex/beamer\beamerbaseoverl
ay.sty
\beamer@argscount=\count299
\beamer@lastskipcover=\skip50
\beamer@trivlistdepth=\count300
)
(C:\Users\Arnaud\AppData\Local\Programs\MiKTeX\tex/latex/beamer\beamerbasetitle
.sty)
(C:\Users\Arnaud\AppData\Local\Programs\MiKTeX\tex/latex/beamer\beamerbasesecti
on.sty
\c@lecture=\count301
\c@part=\count302
\c@section=\count303
\c@subsection=\count304
\c@subsubsection=\count305
)
(C:\Users\Arnaud\AppData\Local\Programs\MiKTeX\tex/latex/beamer\beamerbaseframe
.sty
\beamer@framebox=\box65
\beamer@frametitlebox=\box66
\beamer@zoombox=\box67
\beamer@zoomcount=\count306
\beamer@zoomframecount=\count307
\beamer@frametextheight=\dimen261
\c@subsectionslide=\count308
\beamer@frametopskip=\skip51
\beamer@framebottomskip=\skip52
\beamer@frametopskipautobreak=\skip53
\beamer@framebottomskipautobreak=\skip54
\beamer@envbody=\toks29
\framewidth=\dimen262
\c@framenumber=\count309
)
(C:\Users\Arnaud\AppData\Local\Programs\MiKTeX\tex/latex/beamer\beamerbaseverba
tim.sty
\beamer@verbatimfileout=\write4
)
(C:\Users\Arnaud\AppData\Local\Programs\MiKTeX\tex/latex/beamer\beamerbaseframe
size.sty
\beamer@splitbox=\box68
\beamer@autobreakcount=\count310
\beamer@autobreaklastheight=\dimen263
\beamer@frametitletoks=\toks30
\beamer@framesubtitletoks=\toks31
)
(C:\Users\Arnaud\AppData\Local\Programs\MiKTeX\tex/latex/beamer\beamerbaseframe
components.sty
\beamer@footins=\box69
)
(C:\Users\Arnaud\AppData\Local\Programs\MiKTeX\tex/latex/beamer\beamerbasecolor
.sty)
(C:\Users\Arnaud\AppData\Local\Programs\MiKTeX\tex/latex/beamer\beamerbasenotes
.sty
\beamer@frameboxcopy=\box70
)
(C:\Users\Arnaud\AppData\Local\Programs\MiKTeX\tex/latex/beamer\beamerbasetoc.s
ty)
(C:\Users\Arnaud\AppData\Local\Programs\MiKTeX\tex/latex/beamer\beamerbasetempl
ates.sty
\beamer@sbttoks=\toks32

(C:\Users\Arnaud\AppData\Local\Programs\MiKTeX\tex/latex/beamer\beamerbaseauxte
mplates.sty
(C:\Users\Arnaud\AppData\Local\Programs\MiKTeX\tex/latex/beamer\beamerbaseboxes
.sty
\bmb@box=\box71
\bmb@colorbox=\box72
\bmb@boxwidth=\dimen264
\bmb@boxheight=\dimen265
\bmb@prevheight=\dimen266
\bmb@temp=\dimen267
\bmb@dima=\dimen268
\bmb@dimb=\dimen269
\bmb@prevheight=\dimen270
)
\beamer@blockheadheight=\dimen271
))
(C:\Users\Arnaud\AppData\Local\Programs\MiKTeX\tex/latex/beamer\beamerbaselocal
structure.sty
(C:\Users\Arnaud\AppData\Local\Programs\MiKTeX\tex/latex/tools\enumerate.sty
Package: enumerate 2015/07/23 v3.00 enumerate extensions (DPC)
\@enLab=\toks33
)
\beamer@bibiconwidth=\skip55
\c@figure=\count311
\c@table=\count312
\abovecaptionskip=\skip56
\belowcaptionskip=\skip57
)
(C:\Users\Arnaud\AppData\Local\Programs\MiKTeX\tex/latex/beamer\beamerbasenavig
ation.sty
\beamer@section@min@dim=\dimen272
)
(C:\Users\Arnaud\AppData\Local\Programs\MiKTeX\tex/latex/beamer\beamerbasetheor
ems.sty
(C:\Users\Arnaud\AppData\Local\Programs\MiKTeX\tex/latex/amsmath\amsmath.sty
Package: amsmath 2021/04/20 v2.17j AMS math features
\@mathmargin=\skip58

For additional information on amsmath, use the `?' option.
(C:\Users\Arnaud\AppData\Local\Programs\MiKTeX\tex/latex/amsmath\amstext.sty
Package: amstext 2000/06/29 v2.01 AMS text

(C:\Users\Arnaud\AppData\Local\Programs\MiKTeX\tex/latex/amsmath\amsgen.sty
File: amsgen.sty 1999/11/30 v2.0 generic functions
\@emptytoks=\toks34
\ex@=\dimen273
))
(C:\Users\Arnaud\AppData\Local\Programs\MiKTeX\tex/latex/amsmath\amsbsy.sty
Package: amsbsy 1999/11/29 v1.2d Bold Symbols
\pmbraise@=\dimen274
)
(C:\Users\Arnaud\AppData\Local\Programs\MiKTeX\tex/latex/amsmath\amsopn.sty
Package: amsopn 2016/03/08 v2.02 operator names
)
\inf@bad=\count313
LaTeX Info: Redefining \frac on input line 234.
\uproot@=\count314
\leftroot@=\count315
LaTeX Info: Redefining \overline on input line 399.
\classnum@=\count316
\DOTSCASE@=\count317
LaTeX Info: Redefining \ldots on input line 496.
LaTeX Info: Redefining \dots on input line 499.
LaTeX Info: Redefining \cdots on input line 620.
\Mathstrutbox@=\box73
\strutbox@=\box74
\big@size=\dimen275
LaTeX Font Info:    Redeclaring font encoding OML on input line 743.
LaTeX Font Info:    Redeclaring font encoding OMS on input line 744.
\macc@depth=\count318
\c@MaxMatrixCols=\count319
\dotsspace@=\muskip17
\c@parentequation=\count320
\dspbrk@lvl=\count321
\tag@help=\toks35
\row@=\count322
\column@=\count323
\maxfields@=\count324
\andhelp@=\toks36
\eqnshift@=\dimen276
\alignsep@=\dimen277
\tagshift@=\dimen278
\tagwidth@=\dimen279
\totwidth@=\dimen280
\lineht@=\dimen281
\@envbody=\toks37
\multlinegap=\skip59
\multlinetaggap=\skip60
\mathdisplay@stack=\toks38
LaTeX Info: Redefining \[ on input line 2923.
LaTeX Info: Redefining \] on input line 2924.
)
(C:\Users\Arnaud\AppData\Local\Programs\MiKTeX\tex/latex/amscls\amsthm.sty
Package: amsthm 2020/05/29 v2.20.6
\thm@style=\toks39
\thm@bodyfont=\toks40
\thm@headfont=\toks41
\thm@notefont=\toks42
\thm@headpunct=\toks43
\thm@preskip=\skip61
\thm@postskip=\skip62
\thm@headsep=\skip63
\dth@everypar=\toks44
)
\c@theorem=\count325
)
(C:\Users\Arnaud\AppData\Local\Programs\MiKTeX\tex/latex/beamer\beamerbasetheme
s.sty))
(C:\Users\Arnaud\AppData\Local\Programs\MiKTeX\tex/latex/beamer\beamerthemedefa
ult.sty
(C:\Users\Arnaud\AppData\Local\Programs\MiKTeX\tex/latex/beamer\beamerfonttheme
default.sty)
(C:\Users\Arnaud\AppData\Local\Programs\MiKTeX\tex/latex/beamer\beamercolorthem
edefault.sty)
(C:\Users\Arnaud\AppData\Local\Programs\MiKTeX\tex/latex/beamer\beamerinnerthem
edefault.sty
\beamer@dima=\dimen282
\beamer@dimb=\dimen283
)
(C:\Users\Arnaud\AppData\Local\Programs\MiKTeX\tex/latex/beamer\beamerouterthem
edefault.sty)))
\@bigflushglue=\skip64

(C:\Users\Arnaud\AppData\Local\Programs\MiKTeX\tex/latex/beamertheme-pure-minim
alistic\beamerthemepureminimalistic.sty
Package: beamerthemepureminimalistic v2.0.0

(C:\Users\Arnaud\AppData\Local\Programs\MiKTeX\tex/latex/beamertheme-pure-minim
alistic\beamerfontthemepureminimalistic.sty
Package: beamerfontthemepureminimalistic v2.0.0

(C:\Users\Arnaud\AppData\Local\Programs\MiKTeX\tex/latex/base\ifthen.sty
Package: ifthen 2020/11/24 v1.1c Standard LaTeX ifthen package (DPC)
)
(C:\Users\Arnaud\AppData\Local\Programs\MiKTeX\tex/latex/silence\silence.sty
Package: silence 2012/07/02 v1.5b Selective filtering of warnings and error mes
sages
\sl@Save=\count326
\sl@StateNumber=\count327
\sl@MessageCount=\count328
\sl@Casualties=\count329
\sl@Filter=\toks45
\sl@Message=\toks46
\sl@UnexpandedMessage=\toks47
\sl@Mess@ge=\toks48
\sl@WarningCount=\count330
\sl@WarningNumber=\count331
\sl@WarningCasualties=\count332
\sl@TempBOW=\toks49
\sl@BankOfWarnings=\toks50
LaTeX Info: Redefining \GenericWarning on input line 433.
\sl@ErrorCount=\count333
\sl@ErrorNumber=\count334
\sl@ErrorCasualties=\count335
\sl@TempBOE=\toks51
\sl@BankOfErrors=\toks52
LaTeX Info: Redefining \GenericError on input line 601.
)
(C:\Users\Arnaud\AppData\Local\Programs\MiKTeX\tex/latex/base\fontenc.sty
Package: fontenc 2021/04/29 v2.0v Standard LaTeX package
)
(C:\Users\Arnaud\AppData\Local\Programs\MiKTeX\tex/latex/fira\FiraSans.sty
Package: FiraSans 2019/10/10 (Bob Tennent and autoinst) Style file for Fira San
s fonts.

(C:\Users\Arnaud\AppData\Local\Programs\MiKTeX\tex/generic/iftex\ifxetex.sty
Package: ifxetex 2019/10/25 v0.7 ifxetex legacy package. Use iftex instead.
)
(C:\Users\Arnaud\AppData\Local\Programs\MiKTeX\tex/generic/iftex\ifluatex.sty
Package: ifluatex 2019/10/25 v1.5 ifluatex legacy package. Use iftex instead.
)
(C:\Users\Arnaud\AppData\Local\Programs\MiKTeX\tex/latex/xkeyval\xkeyval.sty
Package: xkeyval 2020/11/20 v2.8 package option processing (HA)

(C:\Users\Arnaud\AppData\Local\Programs\MiKTeX\tex/generic/xkeyval\xkeyval.tex
(C:\Users\Arnaud\AppData\Local\Programs\MiKTeX\tex/generic/xkeyval\xkvutils.tex
\XKV@toks=\toks53
\XKV@tempa@toks=\toks54
)
\XKV@depth=\count336
File: xkeyval.tex 2014/12/03 v2.7a key=value parser (HA)
)) (C:\Users\Arnaud\AppData\Local\Programs\MiKTeX\tex/latex/base\textcomp.sty
Package: textcomp 2020/02/02 v2.0n Standard LaTeX package
) (C:\Users\Arnaud\AppData\Local\Programs\MiKTeX\tex/latex/fontaxes\fontaxes.st
y
Package: fontaxes 2020/07/21 v1.0e Font selection axes
LaTeX Info: Redefining \upshape on input line 29.
LaTeX Info: Redefining \itshape on input line 31.
LaTeX Info: Redefining \slshape on input line 33.
LaTeX Info: Redefining \swshape on input line 35.
LaTeX Info: Redefining \scshape on input line 37.
LaTeX Info: Redefining \sscshape on input line 39.
LaTeX Info: Redefining \ulcshape on input line 41.
LaTeX Info: Redefining \textsw on input line 47.
LaTeX Info: Redefining \textssc on input line 48.
LaTeX Info: Redefining \textulc on input line 49.
)) (C:\Users\Arnaud\AppData\Local\Programs\MiKTeX\tex/latex/fira\FiraMono.sty
Package: FiraMono 2019/10/10 (Bob Tennent and autoinst) Style file for Fira Mon
o fonts.

(C:\Users\Arnaud\AppData\Local\Programs\MiKTeX\tex/latex/base\fontenc.sty
Package: fontenc 2021/04/29 v2.0v Standard LaTeX package
LaTeX Font Info:    Trying to load font information for T1+FiraSans-OsF on inpu
t line 112.

(C:\Users\Arnaud\AppData\Local\Programs\MiKTeX\tex/latex/fira\t1firasans-osf.fd
File: T1FiraSans-OsF.fd 2019/10/10 (autoinst) Font definitions for T1/FiraSans-
OsF.
)
LaTeX Font Info:    Font shape `T1/FiraSans-OsF/m/n' in size <10.95> not availa
ble
(Font)              Font shape `T1/FiraSans-OsF/regular/n' tried instead on inp
ut line 112.
LaTeX Font Info:    Font shape `T1/FiraSans-OsF/regular/n' will be
(Font)              scaled to size 10.95pt on input line 112.
)))
(C:\Users\Arnaud\AppData\Local\Programs\MiKTeX\tex/latex/beamertheme-pure-minim
alistic\beamercolorthemepureminimalistic.sty
Package: beamercolorthemepureminimalistic v2.0.0
)
(C:\Users\Arnaud\AppData\Local\Programs\MiKTeX\tex/latex/beamertheme-pure-minim
alistic\beamerouterthemepureminimalistic.sty
Package: beamerouterthemepureminimalistic v2.0.0

(C:\Users\Arnaud\AppData\Local\Programs\MiKTeX\tex/latex/tools\calc.sty
Package: calc 2017/05/25 v4.3 Infix arithmetic (KKT,FJ)
\calc@Acount=\count337
\calc@Bcount=\count338
\calc@Adimen=\dimen284
\calc@Bdimen=\dimen285
\calc@Askip=\skip65
\calc@Bskip=\skip66
LaTeX Info: Redefining \setlength on input line 80.
LaTeX Info: Redefining \addtolength on input line 81.
\calc@Ccount=\count339
\calc@Cskip=\skip67
)
\myleftmargin=\skip68
\myrightmargin=\skip69
\mytextlength=\skip70
\myfooterheight=\skip71
)
(C:\Users\Arnaud\AppData\Local\Programs\MiKTeX\tex/latex/beamertheme-pure-minim
alistic\beamerinnerthemepureminimalistic.sty
Package: beamerinnerthemepureminimalistic v2.0.0
)) (Preamble_beamer.tex
(C:\Users\Arnaud\AppData\Local\Programs\MiKTeX\tex/latex/base\inputenc.sty
Package: inputenc 2021/02/14 v1.3d Input encoding file
\inpenc@prehook=\toks55
\inpenc@posthook=\toks56
)
(C:\Users\Arnaud\AppData\Local\Programs\MiKTeX\tex/latex/base\fontenc.sty
Package: fontenc 2021/04/29 v2.0v Standard LaTeX package
)
(C:\Users\Arnaud\AppData\Local\Programs\MiKTeX\tex/latex/pgf/frontendlayer\tikz
.sty
(C:\Users\Arnaud\AppData\Local\Programs\MiKTeX\tex/latex/pgf/basiclayer\pgf.sty
Package: pgf 2021/05/15 v3.1.9a (3.1.9a)

(C:\Users\Arnaud\AppData\Local\Programs\MiKTeX\tex/generic/pgf/modules\pgfmodul
eshapes.code.tex
File: pgfmoduleshapes.code.tex 2021/05/15 v3.1.9a (3.1.9a)
\pgfnodeparttextbox=\box75
)
(C:\Users\Arnaud\AppData\Local\Programs\MiKTeX\tex/generic/pgf/modules\pgfmodul
eplot.code.tex
File: pgfmoduleplot.code.tex 2021/05/15 v3.1.9a (3.1.9a)
)
(C:\Users\Arnaud\AppData\Local\Programs\MiKTeX\tex/latex/pgf/compatibility\pgfc
omp-version-0-65.sty
Package: pgfcomp-version-0-65 2021/05/15 v3.1.9a (3.1.9a)
\pgf@nodesepstart=\dimen286
\pgf@nodesepend=\dimen287
)
(C:\Users\Arnaud\AppData\Local\Programs\MiKTeX\tex/latex/pgf/compatibility\pgfc
omp-version-1-18.sty
Package: pgfcomp-version-1-18 2021/05/15 v3.1.9a (3.1.9a)
))
(C:\Users\Arnaud\AppData\Local\Programs\MiKTeX\tex/latex/pgf/utilities\pgffor.s
ty
(C:\Users\Arnaud\AppData\Local\Programs\MiKTeX\tex/latex/pgf/utilities\pgfkeys.
sty
(C:\Users\Arnaud\AppData\Local\Programs\MiKTeX\tex/generic/pgf/utilities\pgfkey
s.code.tex))
(C:\Users\Arnaud\AppData\Local\Programs\MiKTeX\tex/latex/pgf/math\pgfmath.sty
(C:\Users\Arnaud\AppData\Local\Programs\MiKTeX\tex/generic/pgf/math\pgfmath.cod
e.tex))
(C:\Users\Arnaud\AppData\Local\Programs\MiKTeX\tex/generic/pgf/utilities\pgffor
.code.tex
Package: pgffor 2021/05/15 v3.1.9a (3.1.9a)

(C:\Users\Arnaud\AppData\Local\Programs\MiKTeX\tex/generic/pgf/math\pgfmath.cod
e.tex)
\pgffor@iter=\dimen288
\pgffor@skip=\dimen289
\pgffor@stack=\toks57
\pgffor@toks=\toks58
))
(C:\Users\Arnaud\AppData\Local\Programs\MiKTeX\tex/generic/pgf/frontendlayer/ti
kz\tikz.code.tex
Package: tikz 2021/05/15 v3.1.9a (3.1.9a)

(C:\Users\Arnaud\AppData\Local\Programs\MiKTeX\tex/generic/pgf/libraries\pgflib
raryplothandlers.code.tex
File: pgflibraryplothandlers.code.tex 2021/05/15 v3.1.9a (3.1.9a)
\pgf@plot@mark@count=\count340
\pgfplotmarksize=\dimen290
)
\tikz@lastx=\dimen291
\tikz@lasty=\dimen292
\tikz@lastxsaved=\dimen293
\tikz@lastysaved=\dimen294
\tikz@lastmovetox=\dimen295
\tikz@lastmovetoy=\dimen296
\tikzleveldistance=\dimen297
\tikzsiblingdistance=\dimen298
\tikz@figbox=\box76
\tikz@figbox@bg=\box77
\tikz@tempbox=\box78
\tikz@tempbox@bg=\box79
\tikztreelevel=\count341
\tikznumberofchildren=\count342
\tikznumberofcurrentchild=\count343
\tikz@fig@count=\count344

(C:\Users\Arnaud\AppData\Local\Programs\MiKTeX\tex/generic/pgf/modules\pgfmodul
ematrix.code.tex
File: pgfmodulematrix.code.tex 2021/05/15 v3.1.9a (3.1.9a)
\pgfmatrixcurrentrow=\count345
\pgfmatrixcurrentcolumn=\count346
\pgf@matrix@numberofcolumns=\count347
)
\tikz@expandcount=\count348

(C:\Users\Arnaud\AppData\Local\Programs\MiKTeX\tex/generic/pgf/frontendlayer/ti
kz/libraries\tikzlibrarytopaths.code.tex
File: tikzlibrarytopaths.code.tex 2021/05/15 v3.1.9a (3.1.9a)
)))
(C:\Users\Arnaud\AppData\Local\Programs\MiKTeX\tex/latex/appendixnumberbeamer\a
ppendixnumberbeamer.sty)
(C:\Users\Arnaud\AppData\Local\Programs\MiKTeX\tex/latex/apacite\apacite.sty
Package: apacite 2013/07/21 v6.03 APA citation
\c@BibCnt=\count349
\bibleftmargin=\skip72
\bibindent=\skip73
\bibparsep=\skip74
\bibitemsep=\skip75
\biblabelsep=\skip76
)
(C:\Users\Arnaud\AppData\Local\Programs\MiKTeX\tex/latex/natbib\natbib.sty
Package: natbib 2010/09/13 8.31b (PWD, AO)
\bibhang=\skip77
\bibsep=\skip78
LaTeX Info: Redefining \cite on input line 694.
\c@NAT@ctr=\count350
)
LaTeX Info: Redefining \BBA on input line 10.
Package hyperref Info: Option `colorlinks' set `true' on input line 33.

(C:\Users\Arnaud\AppData\Local\Programs\MiKTeX\tex/latex/was\upgreek.sty
Package: upgreek 2003/02/12 v2.0 (WaS)
Package upgreek Info: Using Euler Roman for upright Greek on input line 31.
\symugrf@m=\mathgroup6
LaTeX Font Info:    Overwriting symbol font `ugrf@m' in version `bold'
(Font)                  U/eur/m/n --> U/eur/b/n on input line 38.
)
(C:\Users\Arnaud\AppData\Local\Programs\MiKTeX\tex/latex/tfrupee\tfrupee.sty
Package: tfrupee 2010/12/15 LaTeX Support for the TechFat Rupee symbols by Tech
Fat (http://techfat.blogspot.com/2010/07/new-open-source-india-rupee-font.html)
. Adapted for use with TeX by Palle Jorgensen, hamselv(a)pallej.dk
)
(C:\Users\Arnaud\AppData\Local\Programs\MiKTeX\tex/latex/tools\array.sty
Package: array 2021/04/20 v2.5e Tabular extension package (FMi)
\col@sep=\dimen299
\ar@mcellbox=\box80
\extrarowheight=\dimen300
\NC@list=\toks59
\extratabsurround=\skip79
\backup@length=\skip80
\ar@cellbox=\box81
)
(C:\Users\Arnaud\AppData\Local\Programs\MiKTeX\tex/latex/booktabs\booktabs.sty
Package: booktabs 2020/01/12 v1.61803398 Publication quality tables
\heavyrulewidth=\dimen301
\lightrulewidth=\dimen302
\cmidrulewidth=\dimen303
\belowrulesep=\dimen304
\belowbottomsep=\dimen305
\aboverulesep=\dimen306
\abovetopsep=\dimen307
\cmidrulesep=\dimen308
\cmidrulekern=\dimen309
\defaultaddspace=\dimen310
\@cmidla=\count351
\@cmidlb=\count352
\@aboverulesep=\dimen311
\@belowrulesep=\dimen312
\@thisruleclass=\count353
\@lastruleclass=\count354
\@thisrulewidth=\dimen313
)
(C:\Users\Arnaud\AppData\Local\Programs\MiKTeX\tex/latex/adjustbox\adjustbox.st
y
Package: adjustbox 2020/08/19 v1.3 Adjusting TeX boxes (trim, clip, ...)

(C:\Users\Arnaud\AppData\Local\Programs\MiKTeX\tex/latex/adjustbox\adjcalc.sty
Package: adjcalc 2012/05/16 v1.1 Provides advanced setlength with multiple back
-ends (calc, etex, pgfmath)
)
(C:\Users\Arnaud\AppData\Local\Programs\MiKTeX\tex/latex/adjustbox\trimclip.sty
Package: trimclip 2020/08/19 v1.2 Trim and clip general TeX material

(C:\Users\Arnaud\AppData\Local\Programs\MiKTeX\tex/latex/collectbox\collectbox.
sty
Package: collectbox 2012/05/17 v0.4b Collect macro arguments as boxes
\collectedbox=\box82
)
\tc@llx=\dimen314
\tc@lly=\dimen315
\tc@urx=\dimen316
\tc@ury=\dimen317
Package trimclip Info: Using driver 'tc-pdftex.def'.

(C:\Users\Arnaud\AppData\Local\Programs\MiKTeX\tex/latex/adjustbox\tc-pdftex.de
f
File: tc-pdftex.def 2019/01/04 v2.2 Clipping driver for pdftex
))
\adjbox@Width=\dimen318
\adjbox@Height=\dimen319
\adjbox@Depth=\dimen320
\adjbox@Totalheight=\dimen321
\adjbox@pwidth=\dimen322
\adjbox@pheight=\dimen323
\adjbox@pdepth=\dimen324
\adjbox@ptotalheight=\dimen325

(C:\Users\Arnaud\AppData\Local\Programs\MiKTeX\tex/latex/ifoddpage\ifoddpage.st
y
Package: ifoddpage 2016/04/23 v1.1 Conditionals for odd/even page detection
\c@checkoddpage=\count355
)
(C:\Users\Arnaud\AppData\Local\Programs\MiKTeX\tex/latex/varwidth\varwidth.sty
Package: varwidth 2009/03/30 ver 0.92;  Variable-width minipages
\@vwid@box=\box83
\sift@deathcycles=\count356
\@vwid@loff=\dimen326
\@vwid@roff=\dimen327
)))
(C:\Users\Arnaud\AppData\Local\Programs\MiKTeX\tex/latex/fontawesome\fontawesom
e.sty
Package: fontawesome 2016/05/15 v4.6.3.1 font awesome icons

(C:\Users\Arnaud\AppData\Local\Programs\MiKTeX\tex/latex/fontawesome\fontawesom
esymbols-generic.tex)
(C:\Users\Arnaud\AppData\Local\Programs\MiKTeX\tex/latex/fontawesome\fontawesom
esymbols-pdftex.tex))
(C:\Users\Arnaud\AppData\Local\Programs\MiKTeX\tex/latex/l3backend\l3backend-pd
ftex.def
File: l3backend-pdftex.def 2021-05-07 L3 backend support: PDF output (pdfTeX)
\l__color_backend_stack_int=\count357
\l__pdf_internal_box=\box84
) (Beamer.aux)
\openout1 = `Beamer.aux'.

LaTeX Font Info:    Checking defaults for OML/cmm/m/it on input line 34.
LaTeX Font Info:    ... okay on input line 34.
LaTeX Font Info:    Checking defaults for OMS/cmsy/m/n on input line 34.
LaTeX Font Info:    ... okay on input line 34.
LaTeX Font Info:    Checking defaults for OT1/cmr/m/n on input line 34.
LaTeX Font Info:    ... okay on input line 34.
LaTeX Font Info:    Checking defaults for T1/cmr/m/n on input line 34.
LaTeX Font Info:    ... okay on input line 34.
LaTeX Font Info:    Checking defaults for TS1/cmr/m/n on input line 34.
LaTeX Font Info:    ... okay on input line 34.
LaTeX Font Info:    Checking defaults for OMX/cmex/m/n on input line 34.
LaTeX Font Info:    ... okay on input line 34.
LaTeX Font Info:    Checking defaults for U/cmr/m/n on input line 34.
LaTeX Font Info:    ... okay on input line 34.
LaTeX Font Info:    Checking defaults for PD1/pdf/m/n on input line 34.
LaTeX Font Info:    ... okay on input line 34.
LaTeX Font Info:    Checking defaults for PU/pdf/m/n on input line 34.
LaTeX Font Info:    ... okay on input line 34.
LaTeX Font Info:    Font shape `T1/FiraSans-OsF/m/n' in size <12> not available

(Font)              Font shape `T1/FiraSans-OsF/regular/n' tried instead on inp
ut line 34.
LaTeX Font Info:    Font shape `T1/FiraSans-OsF/regular/n' will be
(Font)              scaled to size 12.0pt on input line 34.

*geometry* driver: auto-detecting
*geometry* detected driver: pdftex
*geometry* verbose mode - [ preamble ] result:
* driver: pdftex
* paper: custom
* layout: <same size as paper>
* layoutoffset:(h,v)=(0.0pt,0.0pt)
* modes: includehead includefoot 
* h-part:(L,W,R)=(28.45274pt, 398.3386pt, 28.45274pt)
* v-part:(T,H,B)=(0.0pt, 256.0748pt, 0.0pt)
* \paperwidth=455.24408pt
* \paperheight=256.0748pt
* \textwidth=398.3386pt
* \textheight=227.62207pt
* \oddsidemargin=-43.81725pt
* \evensidemargin=-43.81725pt
* \topmargin=-72.26999pt
* \headheight=14.22636pt
* \headsep=0.0pt
* \topskip=11.0pt
* \footskip=14.22636pt
* \marginparwidth=4.0pt
* \marginparsep=10.0pt
* \columnsep=10.0pt
* \skip\footins=10.0pt plus 4.0pt minus 2.0pt
* \hoffset=0.0pt
* \voffset=0.0pt
* \mag=1000
* \@twocolumnfalse
* \@twosidefalse
* \@mparswitchfalse
* \@reversemarginfalse
* (1in=72.27pt=25.4mm, 1cm=28.453pt)


(C:\Users\Arnaud\AppData\Local\Programs\MiKTeX\tex/context/base/mkii\supp-pdf.m
kii
[Loading MPS to PDF converter (version 2006.09.02).]
\scratchcounter=\count358
\scratchdimen=\dimen328
\scratchbox=\box85
\nofMPsegments=\count359
\nofMParguments=\count360
\everyMPshowfont=\toks60
\MPscratchCnt=\count361
\MPscratchDim=\dimen329
\MPnumerator=\count362
\makeMPintoPDFobject=\count363
\everyMPtoPDFconversion=\toks61
)
(C:\Users\Arnaud\AppData\Local\Programs\MiKTeX\tex/latex/epstopdf-pkg\epstopdf-
base.sty
Package: epstopdf-base 2020-01-24 v2.11 Base part for package epstopdf
Package epstopdf-base Info: Redefining graphics rule for `.eps' on input line 4
85.

(C:\Users\Arnaud\AppData\Local\Programs\MiKTeX\tex/latex/00miktex\epstopdf-sys.
cfg
File: epstopdf-sys.cfg 2021/03/18 v2.0 Configuration of epstopdf for MiKTeX
))
Package hyperref Info: Link coloring ON on input line 34.

(C:\Users\Arnaud\AppData\Local\Programs\MiKTeX\tex/latex/hyperref\nameref.sty
Package: nameref 2021-04-02 v2.47 Cross-referencing by name of section

(C:\Users\Arnaud\AppData\Local\Programs\MiKTeX\tex/latex/refcount\refcount.sty
Package: refcount 2019/12/15 v3.6 Data extraction from label references (HO)
)
(C:\Users\Arnaud\AppData\Local\Programs\MiKTeX\tex/generic/gettitlestring\getti
tlestring.sty
Package: gettitlestring 2019/12/15 v1.6 Cleanup title references (HO)
)
\c@section@level=\count364
)
LaTeX Info: Redefining \ref on input line 34.
LaTeX Info: Redefining \pageref on input line 34.
LaTeX Info: Redefining \nameref on input line 34.
 (Beamer.out) (Beamer.out)
\@outlinefile=\write5
\openout5 = `Beamer.out'.

LaTeX Font Info:    Overwriting symbol font `operators' in version `normal'
(Font)                  OT1/cmr/m/n --> OT1/cmss/m/n on input line 34.
LaTeX Font Info:    Overwriting symbol font `operators' in version `bold'
(Font)                  OT1/cmr/bx/n --> OT1/cmss/b/n on input line 34.
\symnumbers=\mathgroup7
\sympureletters=\mathgroup8
LaTeX Font Info:    Overwriting math alphabet `\mathrm' in version `normal'
(Font)                  OT1/cmss/m/n --> T1/cmr/m/n on input line 34.
LaTeX Font Info:    Redeclaring math alphabet \mathbf on input line 34.
LaTeX Font Info:    Overwriting math alphabet `\mathbf' in version `normal'
(Font)                  OT1/cmr/bx/n --> T1/FiraSans-OsF/b/n on input line 34.
LaTeX Font Info:    Overwriting math alphabet `\mathbf' in version `bold'
(Font)                  OT1/cmr/bx/n --> T1/FiraSans-OsF/b/n on input line 34.
LaTeX Font Info:    Redeclaring math alphabet \mathsf on input line 34.
LaTeX Font Info:    Overwriting math alphabet `\mathsf' in version `normal'
(Font)                  OT1/cmss/m/n --> T1/FiraSans-OsF/m/n on input line 34.
LaTeX Font Info:    Overwriting math alphabet `\mathsf' in version `bold'
(Font)                  OT1/cmss/bx/n --> T1/FiraSans-OsF/m/n on input line 34.

LaTeX Font Info:    Redeclaring math alphabet \mathit on input line 34.
LaTeX Font Info:    Overwriting math alphabet `\mathit' in version `normal'
(Font)                  OT1/cmr/m/it --> T1/FiraSans-OsF/m/it on input line 34.

LaTeX Font Info:    Overwriting math alphabet `\mathit' in version `bold'
(Font)                  OT1/cmr/bx/it --> T1/FiraSans-OsF/m/it on input line 34
.
LaTeX Font Info:    Redeclaring math alphabet \mathtt on input line 34.
LaTeX Font Info:    Overwriting math alphabet `\mathtt' in version `normal'
(Font)                  OT1/cmtt/m/n --> T1/FiraMono-TOsF/m/n on input line 34.

LaTeX Font Info:    Overwriting math alphabet `\mathtt' in version `bold'
(Font)                  OT1/cmtt/m/n --> T1/FiraMono-TOsF/m/n on input line 34.

LaTeX Font Info:    Overwriting symbol font `numbers' in version `bold'
(Font)                  T1/FiraSans-OsF/m/n --> T1/FiraSans-OsF/b/n on input li
ne 34.
LaTeX Font Info:    Overwriting symbol font `pureletters' in version `bold'
(Font)                  T1/FiraSans-OsF/m/it --> T1/FiraSans-OsF/b/it on input 
line 34.
LaTeX Font Info:    Overwriting math alphabet `\mathrm' in version `bold'
(Font)                  OT1/cmss/b/n --> T1/cmr/b/n on input line 34.
LaTeX Font Info:    Overwriting math alphabet `\mathbf' in version `bold'
(Font)                  T1/FiraSans-OsF/b/n --> T1/FiraSans-OsF/b/n on input li
ne 34.
LaTeX Font Info:    Overwriting math alphabet `\mathsf' in version `bold'
(Font)                  T1/FiraSans-OsF/m/n --> T1/FiraSans-OsF/b/n on input li
ne 34.
LaTeX Font Info:    Overwriting math alphabet `\mathit' in version `bold'
(Font)                  T1/FiraSans-OsF/m/it --> T1/FiraSans-OsF/b/it on input 
line 34.
LaTeX Font Info:    Overwriting math alphabet `\mathtt' in version `bold'
(Font)                  T1/FiraMono-TOsF/m/n --> T1/FiraMono-TOsF/b/n on input 
line 34.

(C:\Users\Arnaud\AppData\Local\Programs\MiKTeX\tex/latex/translator\translator-
basic-dictionary-English.dict
Dictionary: translator-basic-dictionary, Language: English 
)
(C:\Users\Arnaud\AppData\Local\Programs\MiKTeX\tex/latex/translator\translator-
bibliography-dictionary-English.dict
Dictionary: translator-bibliography-dictionary, Language: English 
)
(C:\Users\Arnaud\AppData\Local\Programs\MiKTeX\tex/latex/translator\translator-
environment-dictionary-English.dict
Dictionary: translator-environment-dictionary, Language: English 
)
(C:\Users\Arnaud\AppData\Local\Programs\MiKTeX\tex/latex/translator\translator-
months-dictionary-English.dict
Dictionary: translator-months-dictionary, Language: English 
)
(C:\Users\Arnaud\AppData\Local\Programs\MiKTeX\tex/latex/translator\translator-
numbers-dictionary-English.dict
Dictionary: translator-numbers-dictionary, Language: English 
)
(C:\Users\Arnaud\AppData\Local\Programs\MiKTeX\tex/latex/translator\translator-
theorem-dictionary-English.dict
Dictionary: translator-theorem-dictionary, Language: English 
)
\c@mv@tabular=\count365
\c@mv@boldtabular=\count366
\c@maskedRefs=\count367

(C:\Users\Arnaud\AppData\Local\Programs\MiKTeX\tex/latex/apacite\english.apc
File: english.apc 2013/07/21 v6.03 apacite language file
LaTeX Info: Redefining \BPBI on input line 129.
LaTeX Info: Redefining \BHBI on input line 130.
)
(Beamer.nav)
LaTeX Font Info:    Font shape `T1/FiraSans-OsF/m/n' in size <8> not available
(Font)              Font shape `T1/FiraSans-OsF/regular/n' tried instead on inp
ut line 34.
LaTeX Font Info:    Font shape `T1/FiraSans-OsF/regular/n' will be
(Font)              scaled to size 8.0pt on input line 34.
LaTeX Font Info:    Trying to load font information for U+msa on input line 34.


(C:\Users\Arnaud\AppData\Local\Programs\MiKTeX\tex/latex/amsfonts\umsa.fd
File: umsa.fd 2013/01/14 v3.01 AMS symbols A
)
LaTeX Font Info:    Trying to load font information for U+msb on input line 34.


(C:\Users\Arnaud\AppData\Local\Programs\MiKTeX\tex/latex/amsfonts\umsb.fd
File: umsb.fd 2013/01/14 v3.01 AMS symbols B
)
LaTeX Font Info:    Font shape `T1/FiraSans-OsF/m/n' in size <6> not available
(Font)              Font shape `T1/FiraSans-OsF/regular/n' tried instead on inp
ut line 34.
LaTeX Font Info:    Font shape `T1/FiraSans-OsF/regular/n' will be
(Font)              scaled to size 6.0pt on input line 34.
LaTeX Font Info:    Font shape `T1/FiraSans-OsF/m/n' in size <5> not available
(Font)              Font shape `T1/FiraSans-OsF/regular/n' tried instead on inp
ut line 34.
LaTeX Font Info:    Font shape `T1/FiraSans-OsF/regular/n' will be
(Font)              scaled to size 5.0pt on input line 34.
LaTeX Font Info:    Font shape `T1/FiraSans-OsF/m/it' in size <8> not available

(Font)              Font shape `T1/FiraSans-OsF/regular/it' tried instead on in
put line 34.
LaTeX Font Info:    Font shape `T1/FiraSans-OsF/regular/it' will be
(Font)              scaled to size 8.0pt on input line 34.
LaTeX Font Info:    Font shape `T1/FiraSans-OsF/m/it' in size <6> not available

(Font)              Font shape `T1/FiraSans-OsF/regular/it' tried instead on in
put line 34.
LaTeX Font Info:    Font shape `T1/FiraSans-OsF/regular/it' will be
(Font)              scaled to size 6.0pt on input line 34.
LaTeX Font Info:    Font shape `T1/FiraSans-OsF/m/it' in size <5> not available

(Font)              Font shape `T1/FiraSans-OsF/regular/it' tried instead on in
put line 34.
LaTeX Font Info:    Font shape `T1/FiraSans-OsF/regular/it' will be
(Font)              scaled to size 5.0pt on input line 34.
<neemsis.png, id=38, 460.3599pt x 228.3732pt>
File: neemsis.png Graphic file (type png)
<use neemsis.png>
Package pdftex.def Info: neemsis.png  used on input line 34.
(pdftex.def)             Requested size: 43.8156pt x 21.73401pt.

Overfull \vbox (1.24756pt too high) detected at line 34
 []

LaTeX Font Info:    Font shape `T1/FiraSans-OsF/m/n' in size <16> not available

(Font)              Font shape `T1/FiraSans-OsF/regular/n' tried instead on inp
ut line 36.
LaTeX Font Info:    Font shape `T1/FiraSans-OsF/regular/n' will be
(Font)              scaled to size 16.0pt on input line 36.
<header.jpeg, id=40, 971.3088pt x 260.172pt>
File: header.jpeg Graphic file (type jpg)
<use header.jpeg>
Package pdftex.def Info: header.jpeg  used on input line 36.
(pdftex.def)             Requested size: 455.24408pt x 121.9434pt.

Overfull \hbox (28.1682pt too wide) in paragraph at lines 36--36
| []  
 []

LaTeX Font Info:    Font shape `T1/FiraSans-OsF/m/sc' in size <16> not availabl
e
(Font)              Font shape `T1/FiraSans-OsF/regular/sc' tried instead on in
put line 36.
LaTeX Font Info:    Font shape `T1/FiraSans-OsF/regular/sc' will be
(Font)              scaled to size 16.0pt on input line 36.
LaTeX Font Info:    Font shape `T1/FiraSans-OsF/m/n' in size <10> not available

(Font)              Font shape `T1/FiraSans-OsF/regular/n' tried instead on inp
ut line 36.
LaTeX Font Info:    Font shape `T1/FiraSans-OsF/regular/n' will be
(Font)              scaled to size 10.0pt on input line 36.
LaTeX Font Info:    Font shape `T1/FiraSans-OsF/m/n' in size <7> not available
(Font)              Font shape `T1/FiraSans-OsF/regular/n' tried instead on inp
ut line 36.
LaTeX Font Info:    Font shape `T1/FiraSans-OsF/regular/n' will be
(Font)              scaled to size 7.0pt on input line 36.
LaTeX Font Info:    Font shape `T1/FiraSans-OsF/m/it' in size <10> not availabl
e
(Font)              Font shape `T1/FiraSans-OsF/regular/it' tried instead on in
put line 36.
LaTeX Font Info:    Font shape `T1/FiraSans-OsF/regular/it' will be
(Font)              scaled to size 10.0pt on input line 36.
LaTeX Font Info:    Font shape `T1/FiraSans-OsF/m/it' in size <7> not available

(Font)              Font shape `T1/FiraSans-OsF/regular/it' tried instead on in
put line 36.
LaTeX Font Info:    Font shape `T1/FiraSans-OsF/regular/it' will be
(Font)              scaled to size 7.0pt on input line 36.
LaTeX Font Info:    Calculating math sizes for size <16> on input line 36.

LaTeX Font Warning: Font shape `OT1/cmss/m/n' in size <16> not available
(Font)              size <17.28> substituted on input line 36.


LaTeX Font Warning: Font shape `OML/cmm/m/it' in size <16> not available
(Font)              size <17.28> substituted on input line 36.


LaTeX Font Warning: Font shape `OMS/cmsy/m/n' in size <16> not available
(Font)              size <17.28> substituted on input line 36.

LaTeX Font Info:    Font shape `T1/FiraSans-OsF/m/n' in size <11.19995> not ava
ilable
(Font)              Font shape `T1/FiraSans-OsF/regular/n' tried instead on inp
ut line 36.
LaTeX Font Info:    Font shape `T1/FiraSans-OsF/regular/n' will be
(Font)              scaled to size 11.19995pt on input line 36.
LaTeX Font Info:    Font shape `T1/FiraSans-OsF/m/it' in size <16> not availabl
e
(Font)              Font shape `T1/FiraSans-OsF/regular/it' tried instead on in
put line 36.
LaTeX Font Info:    Font shape `T1/FiraSans-OsF/regular/it' will be
(Font)              scaled to size 16.0pt on input line 36.
LaTeX Font Info:    Font shape `T1/FiraSans-OsF/m/it' in size <11.19995> not av
ailable
(Font)              Font shape `T1/FiraSans-OsF/regular/it' tried instead on in
put line 36.
LaTeX Font Info:    Font shape `T1/FiraSans-OsF/regular/it' will be
(Font)              scaled to size 11.19995pt on input line 36.
LaTeX Font Info:    Font shape `T1/FiraSans-OsF/m/n' in size <4> not available
(Font)              Font shape `T1/FiraSans-OsF/regular/n' tried instead on inp
ut line 36.
LaTeX Font Info:    Font shape `T1/FiraSans-OsF/regular/n' will be
(Font)              scaled to size 4.0pt on input line 36.
[1

{C:/Users/Arnaud/AppData/Local/MiKTeX/pdftex/config/pdftex.map} <./header.jpeg>
] (Beamer.toc)
LaTeX Font Info:    Trying to load font information for U+fontawesometwo on inp
ut line 44.

(C:\Users\Arnaud\AppData\Local\Programs\MiKTeX\tex/latex/fontawesome\ufontaweso
metwo.fd
File: ufontawesometwo.fd 2016/05/22 Font definitions for U/fontawesometwo.
)
File: neemsis.png Graphic file (type png)
<use neemsis.png>
Package pdftex.def Info: neemsis.png  used on input line 44.
(pdftex.def)             Requested size: 43.8156pt x 21.73401pt.

Overfull \vbox (1.24756pt too high) has occurred while \output is active []


[2

 <./neemsis.png>]
LaTeX Font Info:    Trying to load font information for U+fontawesomethree on i
nput line 57.

(C:\Users\Arnaud\AppData\Local\Programs\MiKTeX\tex/latex/fontawesome\ufontaweso
methree.fd
File: ufontawesomethree.fd 2016/05/22 Font definitions for U/fontawesomethree.
)
LaTeX Font Info:    Trying to load font information for U+fontawesomeone on inp
ut line 57.

(C:\Users\Arnaud\AppData\Local\Programs\MiKTeX\tex/latex/fontawesome\ufontaweso
meone.fd
File: ufontawesomeone.fd 2016/05/22 Font definitions for U/fontawesomeone.
)
File: neemsis.png Graphic file (type png)
<use neemsis.png>
Package pdftex.def Info: neemsis.png  used on input line 57.
(pdftex.def)             Requested size: 43.8156pt x 21.73401pt.

Overfull \vbox (1.24756pt too high) has occurred while \output is active []


[3

]
File: neemsis.png Graphic file (type png)
<use neemsis.png>
Package pdftex.def Info: neemsis.png  used on input line 79.
(pdftex.def)             Requested size: 43.8156pt x 21.73401pt.

Overfull \vbox (1.24756pt too high) has occurred while \output is active []


[4

] (INPUT/Big5.tex
LaTeX Font Info:    Font shape `T1/FiraSans-OsF/m/it' in size <12> not availabl
e
(Font)              Font shape `T1/FiraSans-OsF/regular/it' tried instead on in
put line 4.
LaTeX Font Info:    Font shape `T1/FiraSans-OsF/regular/it' will be
(Font)              scaled to size 12.0pt on input line 4.
)

Class beamer Warning: Frame text is shrunk by a factor of 41.23535 percent inst
ead of 1 percent on input line 86.

[5

]

pdfTeX warning: pdflatex (file ./INPUT/boxplotars.pdf): PDF inclusion: found PD
F version <1.6>, but at most version <1.5> allowed
<INPUT/boxplotars.pdf, id=103, 216.81pt x 289.08pt>
File: INPUT/boxplotars.pdf Graphic file (type pdf)
<use INPUT/boxplotars.pdf>
Package pdftex.def Info: INPUT/boxplotars.pdf  used on input line 97.
(pdftex.def)             Requested size: 216.80946pt x 289.07928pt.

Class beamer Warning: Frame text is shrunk by a factor of 26.0788 percent inste
ad of 2 percent on input line 97.

[6

 <./INPUT/boxplotars.pdf>]

pdfTeX warning: pdflatex (file ./INPUT/boxplotars2016_det.pdf): PDF inclusion: 
found PDF version <1.6>, but at most version <1.5> allowed
<INPUT/boxplotars2016_det.pdf, id=121, 216.81pt x 289.08pt>
File: INPUT/boxplotars2016_det.pdf Graphic file (type pdf)
<use INPUT/boxplotars2016_det.pdf>
Package pdftex.def Info: INPUT/boxplotars2016_det.pdf  used on input line 115.
(pdftex.def)             Requested size: 203.94673pt x 271.94254pt.


pdfTeX warning: pdflatex (file ./INPUT/boxplotars2020_det.pdf): PDF inclusion: 
found PDF version <1.6>, but at most version <1.5> allowed
<INPUT/boxplotars2020_det.pdf, id=122, 216.81pt x 289.08pt>
File: INPUT/boxplotars2020_det.pdf Graphic file (type pdf)
<use INPUT/boxplotars2020_det.pdf>
Package pdftex.def Info: INPUT/boxplotars2020_det.pdf  used on input line 115.
(pdftex.def)             Requested size: 203.94673pt x 271.94254pt.

Class beamer Warning: Frame text is shrunk by a factor of 19.40765 percent inst
ead of 2 percent on input line 115.

[7

 <./INPUT/boxplotars2016_det.pdf> <./INPUT/boxplotars2020_det.pdf>]
(INPUT/username2016.tex
Overfull \hbox (360.87337pt too wide) in paragraph at lines 4--49
 [] 
 []

)

Class beamer Warning: Frame text is shrunk by a factor of 61.81793 percent inst
ead of 2 percent on input line 123.

[8

] (INPUT/username2020.tex
Overfull \hbox (281.10939pt too wide) in paragraph at lines 4--35
 [] 
 []

)

Class beamer Warning: Frame text is shrunk by a factor of 42.58118 percent inst
ead of 2 percent on input line 131.

[9

]

pdfTeX warning: pdflatex (file ./INPUT/omega_panel.pdf): PDF inclusion: found P
DF version <1.6>, but at most version <1.5> allowed
<INPUT/omega_panel.pdf, id=160, 433.62pt x 289.08pt>
File: INPUT/omega_panel.pdf Graphic file (type pdf)
<use INPUT/omega_panel.pdf>
Package pdftex.def Info: INPUT/omega_panel.pdf  used on input line 141.
(pdftex.def)             Requested size: 390.2544pt x 260.16959pt.

Class beamer Warning: Frame text is shrunk by a factor of 17.66815 percent inst
ead of 2 percent on input line 141.

[10

 <./INPUT/omega_panel.pdf>]

pdfTeX warning: pdflatex (file ./INPUT/omega_tot.pdf): PDF inclusion: found PDF
 version <1.6>, but at most version <1.5> allowed
<INPUT/omega_tot.pdf, id=176, 433.62pt x 289.08pt>
File: INPUT/omega_tot.pdf Graphic file (type pdf)
<use INPUT/omega_tot.pdf>
Package pdftex.def Info: INPUT/omega_tot.pdf  used on input line 152.
(pdftex.def)             Requested size: 390.2544pt x 260.16959pt.

Class beamer Warning: Frame text is shrunk by a factor of 17.66815 percent inst
ead of 2 percent on input line 152.

[11

 <./INPUT/omega_tot.pdf>]
File: neemsis.png Graphic file (type png)
<use neemsis.png>
Package pdftex.def Info: neemsis.png  used on input line 170.
(pdftex.def)             Requested size: 43.8156pt x 21.73401pt.

Overfull \vbox (1.24756pt too high) has occurred while \output is active []


[12

]
File: neemsis.png Graphic file (type png)
<use neemsis.png>
Package pdftex.def Info: neemsis.png  used on input line 187.
(pdftex.def)             Requested size: 43.8156pt x 21.73401pt.

Overfull \vbox (1.24756pt too high) has occurred while \output is active []


[13

]
File: neemsis.png Graphic file (type png)
<use neemsis.png>
Package pdftex.def Info: neemsis.png  used on input line 203.
(pdftex.def)             Requested size: 43.8156pt x 21.73401pt.

Overfull \vbox (1.24756pt too high) has occurred while \output is active []


[14

]

pdfTeX warning: pdflatex (file ./INPUT/evo_moc_1570.pdf): PDF inclusion: found 
PDF version <1.6>, but at most version <1.5> allowed
<INPUT/evo_moc_1570.pdf, id=221, 433.62pt x 289.08pt>
File: INPUT/evo_moc_1570.pdf Graphic file (type pdf)
<use INPUT/evo_moc_1570.pdf>
Package pdftex.def Info: INPUT/evo_moc_1570.pdf  used on input line 214.
(pdftex.def)             Requested size: 390.2544pt x 260.16959pt.

Class beamer Warning: Frame text is shrunk by a factor of 18.82782 percent inst
ead of 2 percent on input line 214.

[15

 <./INPUT/evo_moc_1570.pdf>]

pdfTeX warning: pdflatex (file ./INPUT/evo_moc_1570act.pdf): PDF inclusion: fou
nd PDF version <1.6>, but at most version <1.5> allowed
<INPUT/evo_moc_1570act.pdf, id=237, 433.62pt x 289.08pt>
File: INPUT/evo_moc_1570act.pdf Graphic file (type pdf)
<use INPUT/evo_moc_1570act.pdf>
Package pdftex.def Info: INPUT/evo_moc_1570act.pdf  used on input line 225.
(pdftex.def)             Requested size: 390.2544pt x 260.16959pt.

Class beamer Warning: Frame text is shrunk by a factor of 18.82782 percent inst
ead of 2 percent on input line 225.

[16

 <./INPUT/evo_moc_1570act.pdf>]

pdfTeX warning: pdflatex (file ./INPUT/evo_moc_HH.pdf): PDF inclusion: found PD
F version <1.6>, but at most version <1.5> allowed
<INPUT/evo_moc_HH.pdf, id=253, 433.62pt x 289.08pt>
File: INPUT/evo_moc_HH.pdf Graphic file (type pdf)
<use INPUT/evo_moc_HH.pdf>
Package pdftex.def Info: INPUT/evo_moc_HH.pdf  used on input line 235.
(pdftex.def)             Requested size: 390.2544pt x 260.16959pt.

Class beamer Warning: Frame text is shrunk by a factor of 18.82782 percent inst
ead of 2 percent on input line 235.

[17

 <./INPUT/evo_moc_HH.pdf>]

pdfTeX warning: pdflatex (file ./INPUT/occ_year_caste.pdf): PDF inclusion: foun
d PDF version <1.6>, but at most version <1.5> allowed
<INPUT/occ_year_caste.pdf, id=269, 433.62pt x 289.08pt>
File: INPUT/occ_year_caste.pdf Graphic file (type pdf)
<use INPUT/occ_year_caste.pdf>
Package pdftex.def Info: INPUT/occ_year_caste.pdf  used on input line 247.
(pdftex.def)             Requested size: 390.2544pt x 260.16959pt.

Class beamer Warning: Frame text is shrunk by a factor of 18.82782 percent inst
ead of 2 percent on input line 247.

[18

 <./INPUT/occ_year_caste.pdf>]

pdfTeX warning: pdflatex (file ./INPUT/occ_year_sex.pdf): PDF inclusion: found 
PDF version <1.6>, but at most version <1.5> allowed
<INPUT/occ_year_sex.pdf, id=285, 433.62pt x 289.08pt>
File: INPUT/occ_year_sex.pdf Graphic file (type pdf)
<use INPUT/occ_year_sex.pdf>
Package pdftex.def Info: INPUT/occ_year_sex.pdf  used on input line 258.
(pdftex.def)             Requested size: 390.2544pt x 260.16959pt.

Class beamer Warning: Frame text is shrunk by a factor of 18.82782 percent inst
ead of 2 percent on input line 258.

[19

 <./INPUT/occ_year_sex.pdf>]

pdfTeX warning: pdflatex (file ./INPUT/inc_indiv.pdf): PDF inclusion: found PDF
 version <1.6>, but at most version <1.5> allowed
<INPUT/inc_indiv.pdf, id=302, 216.81pt x 289.08pt>
File: INPUT/inc_indiv.pdf Graphic file (type pdf)
<use INPUT/inc_indiv.pdf>
Package pdftex.def Info: INPUT/inc_indiv.pdf  used on input line 271.
(pdftex.def)             Requested size: 195.12718pt x 260.16959pt.

Class beamer Warning: Frame text is shrunk by a factor of 18.82782 percent inst
ead of 2 percent on input line 271.

[20

 <./INPUT/inc_indiv.pdf>]

pdfTeX warning: pdflatex (file ./INPUT/inc_indiv500k.pdf): PDF inclusion: found
 PDF version <1.6>, but at most version <1.5> allowed
<INPUT/inc_indiv500k.pdf, id=318, 216.81pt x 289.08pt>
File: INPUT/inc_indiv500k.pdf Graphic file (type pdf)
<use INPUT/inc_indiv500k.pdf>
Package pdftex.def Info: INPUT/inc_indiv500k.pdf  used on input line 281.
(pdftex.def)             Requested size: 195.12718pt x 260.16959pt.

Class beamer Warning: Frame text is shrunk by a factor of 18.82782 percent inst
ead of 2 percent on input line 281.

[21

 <./INPUT/inc_indiv500k.pdf>]

pdfTeX warning: pdflatex (file ./INPUT/inc_hh.pdf): PDF inclusion: found PDF ve
rsion <1.6>, but at most version <1.5> allowed
<INPUT/inc_hh.pdf, id=334, 216.81pt x 289.08pt>
File: INPUT/inc_hh.pdf Graphic file (type pdf)
<use INPUT/inc_hh.pdf>
Package pdftex.def Info: INPUT/inc_hh.pdf  used on input line 293.
(pdftex.def)             Requested size: 195.12718pt x 260.16959pt.

Class beamer Warning: Frame text is shrunk by a factor of 18.82782 percent inst
ead of 2 percent on input line 293.

[22

 <./INPUT/inc_hh.pdf>]

pdfTeX warning: pdflatex (file ./INPUT/inc_hh500k.pdf): PDF inclusion: found PD
F version <1.6>, but at most version <1.5> allowed
<INPUT/inc_hh500k.pdf, id=350, 216.81pt x 289.08pt>
File: INPUT/inc_hh500k.pdf Graphic file (type pdf)
<use INPUT/inc_hh500k.pdf>
Package pdftex.def Info: INPUT/inc_hh500k.pdf  used on input line 303.
(pdftex.def)             Requested size: 195.12718pt x 260.16959pt.

Class beamer Warning: Frame text is shrunk by a factor of 18.82782 percent inst
ead of 2 percent on input line 303.

[23

 <./INPUT/inc_hh500k.pdf>]

pdfTeX warning: pdflatex (file ./INPUT/inc_occ_panel.pdf): PDF inclusion: found
 PDF version <1.6>, but at most version <1.5> allowed
<INPUT/inc_occ_panel.pdf, id=366, 433.62pt x 289.08pt>
File: INPUT/inc_occ_panel.pdf Graphic file (type pdf)
<use INPUT/inc_occ_panel.pdf>
Package pdftex.def Info: INPUT/inc_occ_panel.pdf  used on input line 315.
(pdftex.def)             Requested size: 390.2544pt x 260.16959pt.

Class beamer Warning: Frame text is shrunk by a factor of 18.82782 percent inst
ead of 2 percent on input line 315.

[24

 <./INPUT/inc_occ_panel.pdf>] (Beamer.bbl
LaTeX Font Info:    Trying to load font information for T1+FiraMono-TOsF on inp
ut line 35.

(C:\Users\Arnaud\AppData\Local\Programs\MiKTeX\tex/latex/fira\t1firamono-tosf.f
d
File: T1FiraMono-TOsF.fd 2019/10/10 (autoinst) Font definitions for T1/FiraMono
-TOsF.
)
LaTeX Font Info:    Font shape `T1/FiraMono-TOsF/m/n' in size <6> not available

(Font)              Font shape `T1/FiraMono-TOsF/regular/n' tried instead on in
put line 35.
LaTeX Font Info:    Font shape `T1/FiraMono-TOsF/regular/n' will be
(Font)              scaled to size 6.0pt on input line 35.
)
File: neemsis.png Graphic file (type png)
<use neemsis.png>
Package pdftex.def Info: neemsis.png  used on input line 346.
(pdftex.def)             Requested size: 43.8156pt x 21.73401pt.

Overfull \vbox (1.24756pt too high) has occurred while \output is active []


[25

]
File: neemsis.png Graphic file (type png)
<use neemsis.png>
Package pdftex.def Info: neemsis.png  used on input line 346.
(pdftex.def)             Requested size: 43.8156pt x 21.73401pt.

Overfull \vbox (1.24756pt too high) has occurred while \output is active []


[26


]
\tf@nav=\write6
\openout6 = `Beamer.nav'.

\tf@toc=\write7
\openout7 = `Beamer.toc'.

\tf@snm=\write8
\openout8 = `Beamer.snm'.

 (Beamer.aux)

LaTeX Font Warning: Size substitutions with differences
(Font)              up to 1.28pt have occurred.

Package rerunfilecheck Info: File `Beamer.out' has not changed.
(rerunfilecheck)             Checksum: EEFF70A46FB38368990F5476B18BBABC;1465.
 ) 
Here is how much of TeX's memory you used:
 28908 strings out of 478847
 548880 string characters out of 2847912
 873326 words of memory out of 3000000
 46088 multiletter control sequences out of 15000+600000
 692501 words of font info for 111 fonts, out of 8000000 for 9000
 1141 hyphenation exceptions out of 8191
 128i,22n,124p,515b,774s stack positions out of 5000i,500n,10000p,200000b,80000s
{C:/Users/Arnaud/AppData/Local/Programs/MiKTeX/fonts/enc/dvips/fira/fir_d4q67
3.enc}{C:/Users/Arnaud/AppData/Local/Programs/MiKTeX/fonts/enc/dvips/fira/fir_i
ln36p.enc}{C:/Users/Arnaud/AppData/Local/Programs/MiKTeX/fonts/enc/dvips/fontaw
esome/fontawesomeone.enc}{C:/Users/Arnaud/AppData/Local/Programs/MiKTeX/fonts/e
nc/dvips/fontawesome/fontawesomethree.enc}{C:/Users/Arnaud/AppData/Local/Progra
ms/MiKTeX/fonts/enc/dvips/fontawesome/fontawesometwo.enc}{C:/Users/Arnaud/AppDa
ta/Local/Programs/MiKTeX/fonts/enc/dvips/fira/fir_2mfh3o.enc}<C:/Users/Arnaud/A
ppData/Local/Programs/MiKTeX/fonts/type1/public/fira/FiraMono-Regular.pfb><C:/U
sers/Arnaud/AppData/Local/Programs/MiKTeX/fonts/type1/public/fira/FiraSans-Ital
ic.pfb><C:/Users/Arnaud/AppData/Local/Programs/MiKTeX/fonts/type1/public/fira/F
iraSans-Regular.pfb><C:/Users/Arnaud/AppData/Local/Programs/MiKTeX/fonts/type1/
public/fontawesome/FontAwesome.pfb><C:/Users/Arnaud/AppData/Local/Programs/MiKT
eX/fonts/type1/public/amsfonts/cm/cmsy8.pfb>
Output written on Beamer.pdf (26 pages, 6792202 bytes).
PDF statistics:
 458 PDF objects out of 1000 (max. 8388607)
 72 named destinations out of 1000 (max. 500000)
 176 words of extra memory for PDF output out of 10000 (max. 10000000)

