-----------------------------------------------------------------------------------------------------------------------------------------------------------------------------
      name:  <unnamed>
       log:  c:delta.log
  log type:  text
 opened on:   2 Jul 2021, 14:55:36

. foreach x in delta_loanamount_indiv delta_DSR_indiv delta_ISR_indiv delta_loans_indiv {
  2. reg `x' $efa $cog $indivcontrol $hhcontrol4 $villagesFE female dalits femXdal $intfem $intdal $three, vce(cluster HHvar)
  3. qui reg `x' $indivcontrol $hhcontrol4 $villagesFE c.base_nocorrf1_std##i.female##i.dalits c.base_nocorrf2_std##i.female##i.dalits c.base_nocorrf3_std##i.female##i.dalit
> s c.base_nocorrf4_std##i.female##i.dalits c.base_nocorrf5_std##i.female##i.dalits c.base_raven_tt##i.female##i.dalits c.base_num_tt##i.female##i.dalits c.base_lit_tt##i.fe
> male##i.dalits, vce(cluster HHvar)
  4. margins, dydx(base_nocorrf1_std base_nocorrf2_std base_nocorrf3_std base_nocorrf4_std base_nocorrf5_std base_raven_tt base_num_tt base_lit_tt) at(dalits=(0 1) female=(0
>  1)) 
  5. }
note: cat_mainoccupation_indiv_1_1 omitted because of collinearity
note: sexratiocat_1_1 omitted because of collinearity
note: near_tirup omitted because of collinearity

Linear regression                               Number of obs     =        729
                                                F(56, 467)        =       0.99
                                                Prob > F          =     0.5076
                                                R-squared         =     0.1739
                                                Root MSE          =     1.4e+05

                                                   (Std. Err. adjusted for 468 clusters in HHvar)
-------------------------------------------------------------------------------------------------
                                |               Robust
         delta_loanamount_indiv |      Coef.   Std. Err.      t    P>|t|     [95% Conf. Interval]
--------------------------------+----------------------------------------------------------------
              base_nocorrf1_std |   26804.98   23174.02     1.16   0.248    -18733.28    72343.24
              base_nocorrf2_std |  -18001.51   20972.52    -0.86   0.391     -59213.7    23210.68
              base_nocorrf3_std |  -1300.853   13209.25    -0.10   0.922    -27257.77    24656.06
              base_nocorrf4_std |   71038.25   54369.16     1.31   0.192    -35800.25    177876.7
              base_nocorrf5_std |   6313.419   19690.96     0.32   0.749    -32380.44    45007.28
                  base_raven_tt |   2650.886   1887.382     1.40   0.161    -1057.926    6359.698
                    base_num_tt |  -19391.82   13192.46    -1.47   0.142    -45315.74    6532.112
                    base_lit_tt |   6476.162   9143.803     0.71   0.479    -11491.93    24444.25
                          age_1 |  -4494.998   4301.216    -1.05   0.297    -12947.13    3957.136
                        agesq_1 |   45.37384   50.16584     0.90   0.366    -53.20489    143.9526
                      dummyhead |  -13269.63   28935.51    -0.46   0.647    -70129.55     43590.3
   cat_mainoccupation_indiv_1_1 |          0  (omitted)
   cat_mainoccupation_indiv_1_2 |   25742.81   48038.43     0.54   0.592    -68655.43      120141
   cat_mainoccupation_indiv_1_3 |    49818.9   43454.43     1.15   0.252    -35571.52    135209.3
   cat_mainoccupation_indiv_1_4 |   39241.33   42407.65     0.93   0.355    -44092.11    122574.8
   cat_mainoccupation_indiv_1_5 |   17082.52   45575.42     0.37   0.708    -72475.76    106640.8
                  dummyedulevel |  -2748.623   11314.15    -0.24   0.808    -24981.56    19484.32
               maritalstatus2_1 |   9850.471   18936.37     0.52   0.603    -27360.58    47061.52
dummymultipleoccupation_indiv_1 |   12891.93   14205.03     0.91   0.365    -15021.75    40805.62
                   assets1000_1 |   20.67792    15.6416     1.32   0.187    -10.05871    51.41455
                sexratiocat_1_1 |          0  (omitted)
                sexratiocat_1_2 |   1919.385   13140.64     0.15   0.884    -23902.71    27741.48
                sexratiocat_1_3 |   30.16499   11815.07     0.00   0.998    -23187.12    23247.45
                       hhsize_1 |   3093.474   3071.186     1.01   0.314     -2941.58    9128.529
                        shock_1 |   5045.341    10202.6     0.49   0.621    -15003.36    25094.04
                 incomeHH1000_1 |   55.57214   41.16491     1.35   0.178    -25.31925    136.4635
                   near_panruti |   2585.719   45255.72     0.06   0.954    -86344.33    91515.77
                  near_villupur |  -14264.38   44328.22    -0.32   0.748    -101371.9     72843.1
                     near_tirup |          0  (omitted)
                   near_chengal |   38261.85    40418.8     0.95   0.344    -41163.38    117687.1
                   near_kanchip |   25115.61   39803.45     0.63   0.528    -53100.43    103331.6
                   near_chennai |   2408.312   41957.01     0.06   0.954     -80039.6    84856.22
                         female |   22084.68   48992.68     0.45   0.652    -74188.72    118358.1
                         dalits |  -483.8667    32162.4    -0.02   0.988     -63684.8    62717.07
                        femXdal |    -311.71   39080.46    -0.01   0.994    -77107.03    76483.61
          fem_base_nocorrf1_std |  -37843.55    24402.3    -1.55   0.122    -85795.45    10108.35
          fem_base_nocorrf2_std |   13193.24   23881.03     0.55   0.581    -33734.35    60120.83
          fem_base_nocorrf3_std |   4062.333   16007.67     0.25   0.800    -27393.65    35518.32
          fem_base_nocorrf4_std |  -74875.94   53798.98    -1.39   0.165      -180594     30842.1
          fem_base_nocorrf5_std |  -13273.26    19048.5    -0.70   0.486    -50704.65    24158.12
              fem_base_raven_tt |  -5491.746   2341.914    -2.34   0.019    -10093.74   -889.7516
                fem_base_num_tt |   29443.13   18419.64     1.60   0.111    -6752.512    65638.78
                fem_base_lit_tt |  -9865.741   11457.87    -0.86   0.390    -32381.11    12649.62
          dal_base_nocorrf1_std |  -24230.44   24282.22    -1.00   0.319    -71946.37    23485.49
          dal_base_nocorrf2_std |   3061.767   27043.53     0.11   0.910    -50080.31    56203.84
          dal_base_nocorrf3_std |   19712.41   16914.43     1.17   0.244    -13525.41    52950.23
          dal_base_nocorrf4_std |  -79871.82   56402.11    -1.42   0.157    -190705.2    30961.52
          dal_base_nocorrf5_std |  -24769.08   21857.88    -1.13   0.258    -67721.05    18182.89
              dal_base_raven_tt |  -1429.064   2442.069    -0.59   0.559    -6227.867     3369.74
                dal_base_num_tt |   27346.62   16313.61     1.68   0.094     -4710.55     59403.8
                dal_base_lit_tt |   -12578.1   13367.95    -0.94   0.347    -38846.87    13690.67
     threeway_base_nocorrf1_std |   35625.78    24214.8     1.47   0.142    -11957.68    83209.23
     threeway_base_nocorrf2_std |   1179.375   29881.23     0.04   0.969    -57538.94    59897.69
     threeway_base_nocorrf3_std |  -33678.11   19865.13    -1.70   0.091    -72714.22    5358.006
     threeway_base_nocorrf4_std |   82774.52   54201.51     1.53   0.127    -23734.53    189283.6
     threeway_base_nocorrf5_std |    31781.7   21376.77     1.49   0.138    -10224.87    73788.27
         threeway_base_raven_tt |   3801.448   2903.719     1.31   0.191    -1904.524    9507.421
           threeway_base_num_tt |  -41731.06   21353.89    -1.95   0.051    -83692.66    230.5438
           threeway_base_lit_tt |   17100.71   15263.09     1.12   0.263    -12892.11    47093.54
                          _cons |  -65.31071   86698.57    -0.00   0.999    -170432.9    170302.3
-------------------------------------------------------------------------------------------------

Average marginal effects                        Number of obs     =        729
Model VCE    : Robust

Expression   : Linear prediction, predict()
dy/dx w.r.t. : base_nocorrf1_std base_nocorrf2_std base_nocorrf3_std base_nocorrf4_std base_nocorrf5_std base_raven_tt base_num_tt base_lit_tt

1._at        : female          =           0
               dalits          =           0

2._at        : female          =           0
               dalits          =           1

3._at        : female          =           1
               dalits          =           0

4._at        : female          =           1
               dalits          =           1

-----------------------------------------------------------------------------------
                  |            Delta-method
                  |      dy/dx   Std. Err.      t    P>|t|     [95% Conf. Interval]
------------------+----------------------------------------------------------------
base_nocorrf1_std |
              _at |
               1  |   26804.98   23174.02     1.16   0.248    -18733.28    72343.24
               2  |   2574.543   10663.24     0.24   0.809    -18379.32    23528.41
               3  |  -11038.57    8568.89    -1.29   0.198    -27876.92    5799.788
               4  |   356.7732   4302.535     0.08   0.934    -8097.953    8811.499
------------------+----------------------------------------------------------------
base_nocorrf2_std |
              _at |
               1  |  -18001.51   20972.52    -0.86   0.391     -59213.7    23210.68
               2  |  -14939.74   17884.58    -0.84   0.404    -50083.95    20204.46
               3  |   -4808.27   14776.43    -0.33   0.745    -33844.79    24228.25
               4  |  -567.1273   4059.146    -0.14   0.889    -8543.579    7409.324
------------------+----------------------------------------------------------------
base_nocorrf3_std |
              _at |
               1  |  -1300.853   13209.25    -0.10   0.922    -27257.77    24656.06
               2  |   18411.56      12422     1.48   0.139    -5998.373    42821.49
               3  |    2761.48    9890.13     0.28   0.780    -16673.19    22196.15
               4  |  -11204.21   4625.495    -2.42   0.016    -20293.57   -2114.855
------------------+----------------------------------------------------------------
base_nocorrf4_std |
              _at |
               1  |   71038.25   54369.16     1.31   0.192    -35800.25    177876.7
               2  |  -8833.574   14688.94    -0.60   0.548    -37698.17    20031.02
               3  |  -3837.697   10663.18    -0.36   0.719    -24791.46    17116.07
               4  |  -935.0002   4475.535    -0.21   0.835    -9729.681    7859.681
------------------+----------------------------------------------------------------
base_nocorrf5_std |
              _at |
               1  |   6313.419   19690.96     0.32   0.749    -32380.44    45007.28
               2  |  -18455.66   11071.37    -1.67   0.096    -40211.53    3300.209
               3  |  -6959.845   8867.725    -0.78   0.433    -24385.43    10465.74
               4  |   52.77674   3703.177     0.01   0.989    -7224.177     7329.73
------------------+----------------------------------------------------------------
base_raven_tt     |
              _at |
               1  |   2650.886   1887.382     1.40   0.161    -1057.926    6359.698
               2  |   1221.822   1519.341     0.80   0.422     -1763.77    4207.414
               3  |   -2840.86   1525.179    -1.86   0.063    -5837.922    156.2028
               4  |   -468.475   707.2823    -0.66   0.508    -1858.325    921.3749
------------------+----------------------------------------------------------------
base_num_tt       |
              _at |
               1  |  -19391.82   13192.46    -1.47   0.142    -45315.74    6532.112
               2  |   7954.808    10644.8     0.75   0.455    -12962.84    28872.45
               3  |   10051.32   12337.12     0.81   0.416    -14191.83    34294.46
               4  |  -4333.118   6161.085    -0.70   0.482       -16440    7773.763
------------------+----------------------------------------------------------------
base_lit_tt       |
              _at |
               1  |   6476.162   9143.803     0.71   0.479    -11491.93    24444.25
               2  |  -6101.935    12854.3    -0.47   0.635    -31361.36    19157.49
               3  |  -3389.579   7345.727    -0.46   0.645    -17824.35    11045.19
               4  |   1133.038   5738.034     0.20   0.844    -10142.53     12408.6
-----------------------------------------------------------------------------------
note: cat_mainoccupation_indiv_1_1 omitted because of collinearity
note: sexratiocat_1_1 omitted because of collinearity
note: near_tirup omitted because of collinearity

Linear regression                               Number of obs     =        729
                                                F(56, 467)        =       0.90
                                                Prob > F          =     0.6811
                                                R-squared         =     0.0460
                                                Root MSE          =     1298.5

                                                   (Std. Err. adjusted for 468 clusters in HHvar)
-------------------------------------------------------------------------------------------------
                                |               Robust
                delta_DSR_indiv |      Coef.   Std. Err.      t    P>|t|     [95% Conf. Interval]
--------------------------------+----------------------------------------------------------------
              base_nocorrf1_std |   43.73954   98.51624     0.44   0.657    -149.8505    237.3295
              base_nocorrf2_std |  -76.71538    93.7625    -0.82   0.414     -260.964    107.5332
              base_nocorrf3_std |   82.36532   89.24015     0.92   0.357    -92.99665    257.7273
              base_nocorrf4_std |  -72.86293    92.7989    -0.79   0.433     -255.218    109.4922
              base_nocorrf5_std |  -171.8032   145.0633    -1.18   0.237    -456.8609    113.2545
                  base_raven_tt |  -2.254082   10.09175    -0.22   0.823    -22.08494    17.57678
                    base_num_tt |  -74.02936   101.0264    -0.73   0.464    -272.5519    124.4932
                    base_lit_tt |   99.15696   88.90161     1.12   0.265    -75.53974    273.8537
                          age_1 |   9.665563   23.45752     0.41   0.680     -36.4298    55.76093
                        agesq_1 |   -.100458   .2678356    -0.38   0.708    -.6267701    .4258542
                      dummyhead |   198.8502   125.9379     1.58   0.115    -48.62481    446.3253
   cat_mainoccupation_indiv_1_1 |          0  (omitted)
   cat_mainoccupation_indiv_1_2 |   8.454427   311.3433     0.03   0.978    -603.3529    620.2617
   cat_mainoccupation_indiv_1_3 |  -414.9688   236.7846    -1.75   0.080    -880.2639    50.32634
   cat_mainoccupation_indiv_1_4 |  -347.5705   223.6629    -1.55   0.121    -787.0807    91.93972
   cat_mainoccupation_indiv_1_5 |  -299.1546    194.375    -1.54   0.124    -681.1125    82.80323
                  dummyedulevel |  -9.309041   106.2745    -0.09   0.930    -218.1445    199.5264
               maritalstatus2_1 |   40.04564   134.1479     0.30   0.765    -223.5626    303.6539
dummymultipleoccupation_indiv_1 |   46.22442   95.79707     0.48   0.630    -142.0223    234.4711
                   assets1000_1 |    .005841   .0319429     0.18   0.855    -.0569285    .0686106
                sexratiocat_1_1 |          0  (omitted)
                sexratiocat_1_2 |   127.4217   170.5781     0.75   0.455     -207.774    462.6174
                sexratiocat_1_3 |   35.33645   99.08239     0.36   0.722    -159.3661     230.039
                       hhsize_1 |   14.20694   21.46855     0.66   0.508    -27.97997    56.39386
                        shock_1 |  -3.453055   99.30824    -0.03   0.972    -198.5994    191.6933
                 incomeHH1000_1 |   .1972416   .1405747     1.40   0.161    -.0789956    .4734788
                   near_panruti |   234.3832   156.5733     1.50   0.135    -73.29227    542.0587
                  near_villupur |   181.4648   173.4094     1.05   0.296    -159.2945     522.224
                     near_tirup |          0  (omitted)
                   near_chengal |     53.125   222.9472     0.24   0.812     -384.979     491.229
                   near_kanchip |  -2.539361   250.5011    -0.01   0.992    -494.7881    489.7094
                   near_chennai |  -10.45223   185.2305    -0.06   0.955    -374.4407    353.5363
                         female |   8.763602    227.838     0.04   0.969     -438.951    456.4782
                         dalits |   423.7104   493.0903     0.86   0.391      -545.24    1392.661
                        femXdal |  -152.2406   506.3561    -0.30   0.764    -1147.259    842.7779
          fem_base_nocorrf1_std |   -57.0586   108.4758    -0.53   0.599    -270.2196    156.1024
          fem_base_nocorrf2_std |   3.100027   94.11678     0.03   0.974    -181.8448    188.0448
          fem_base_nocorrf3_std |  -88.36387    102.314    -0.86   0.388    -289.4168     112.689
          fem_base_nocorrf4_std |  -15.46432   119.0982    -0.13   0.897     -249.499    218.5703
          fem_base_nocorrf5_std |   75.85027   155.4576     0.49   0.626    -229.6327    381.3332
              fem_base_raven_tt |     8.5464   13.96632     0.61   0.541     -18.8982      35.991
                fem_base_num_tt |   43.58827   127.2284     0.34   0.732    -206.4227    293.5992
                fem_base_lit_tt |  -46.00063   95.04565    -0.48   0.629    -232.7707    140.7695
          dal_base_nocorrf1_std |  -247.8098    245.263    -1.01   0.313    -729.7655    234.1459
          dal_base_nocorrf2_std |    176.267   123.6384     1.43   0.155    -66.68946    419.2235
          dal_base_nocorrf3_std |   .7501824   133.7445     0.01   0.996    -262.0654    263.5658
          dal_base_nocorrf4_std |   131.2013   145.2766     0.90   0.367    -154.2755    416.6781
          dal_base_nocorrf5_std |   237.8595   217.2639     1.09   0.274    -189.0764    664.7955
              dal_base_raven_tt |  -17.73685   18.11347    -0.98   0.328    -53.33085    17.85715
                dal_base_num_tt |   16.88118   131.6688     0.13   0.898    -241.8554    275.6178
                dal_base_lit_tt |  -69.75928   88.00447    -0.79   0.428    -242.6931    103.1745
     threeway_base_nocorrf1_std |   255.7867   274.4869     0.93   0.352    -283.5957    795.1691
     threeway_base_nocorrf2_std |  -96.60965   153.3183    -0.63   0.529    -397.8889    204.6695
     threeway_base_nocorrf3_std |   -8.69327   146.3479    -0.06   0.953    -296.2752    278.8886
     threeway_base_nocorrf4_std |  -13.57717   173.2206    -0.08   0.938    -353.9654    326.8111
     threeway_base_nocorrf5_std |  -115.6673   228.8795    -0.51   0.614    -565.4286    334.0939
         threeway_base_raven_tt |   8.590908   23.66153     0.36   0.717    -37.90535    55.08717
           threeway_base_num_tt |   46.80351   174.0623     0.27   0.788    -295.2388    388.8458
           threeway_base_lit_tt |   16.88699   113.2933     0.15   0.882    -205.7408    239.5148
                          _cons |  -375.3014   527.6928    -0.71   0.477    -1412.248     661.645
-------------------------------------------------------------------------------------------------

Average marginal effects                        Number of obs     =        729
Model VCE    : Robust

Expression   : Linear prediction, predict()
dy/dx w.r.t. : base_nocorrf1_std base_nocorrf2_std base_nocorrf3_std base_nocorrf4_std base_nocorrf5_std base_raven_tt base_num_tt base_lit_tt

1._at        : female          =           0
               dalits          =           0

2._at        : female          =           0
               dalits          =           1

3._at        : female          =           1
               dalits          =           0

4._at        : female          =           1
               dalits          =           1

-----------------------------------------------------------------------------------
                  |            Delta-method
                  |      dy/dx   Std. Err.      t    P>|t|     [95% Conf. Interval]
------------------+----------------------------------------------------------------
base_nocorrf1_std |
              _at |
               1  |   43.73954   98.51624     0.44   0.657    -149.8505    237.3295
               2  |  -204.0702   236.7111    -0.86   0.389     -669.221    261.0805
               3  |  -13.31906    42.0432    -0.32   0.752    -95.93633    69.29821
               4  |  -5.342108   112.3256    -0.05   0.962    -226.0683    215.3841
------------------+----------------------------------------------------------------
base_nocorrf2_std |
              _at |
               1  |  -76.71538    93.7625    -0.82   0.414     -260.964    107.5332
               2  |   99.55165   92.65187     1.07   0.283    -82.51454    281.6178
               3  |  -73.61536   66.30739    -1.11   0.267    -203.9131    56.68243
               4  |   6.042022   83.09112     0.07   0.942    -157.2367    169.3208
------------------+----------------------------------------------------------------
base_nocorrf3_std |
              _at |
               1  |   82.36532   89.24015     0.92   0.357    -92.99665    257.7273
               2  |    83.1155   115.9418     0.72   0.474    -144.7167    310.9477
               3  |  -5.998557   53.92312    -0.11   0.911    -111.9605    99.96343
               4  |  -13.94164   39.94018    -0.35   0.727    -92.42637    64.54308
------------------+----------------------------------------------------------------
base_nocorrf4_std |
              _at |
               1  |  -72.86293    92.7989    -0.79   0.433     -255.218    109.4922
               2  |   58.33838   110.9506     0.53   0.599    -159.6858    276.3625
               3  |  -88.32726   77.18427    -1.14   0.253    -239.9987    63.34421
               4  |   29.29688   42.90726     0.68   0.495    -55.01831    113.6121
------------------+----------------------------------------------------------------
base_nocorrf5_std |
              _at |
               1  |  -171.8032   145.0633    -1.18   0.237    -456.8609    113.2545
               2  |   66.05634   151.1308     0.44   0.662    -230.9242    363.0369
               3  |  -95.95294   71.32494    -1.35   0.179    -236.1105    44.20463
               4  |   26.23927   58.64203     0.45   0.655    -88.99564    141.4742
------------------+----------------------------------------------------------------
base_raven_tt     |
              _at |
               1  |  -2.254082   10.09175    -0.22   0.823    -22.08494    17.57678
               2  |  -19.99093    15.0447    -1.33   0.185    -49.55463    9.572762
               3  |   6.292319    9.43842     0.67   0.505    -12.25471    24.83935
               4  |  -2.853626   10.78894    -0.26   0.792    -24.05452    18.34726
------------------+----------------------------------------------------------------
base_num_tt       |
              _at |
               1  |  -74.02936   101.0264    -0.73   0.464    -272.5519    124.4932
               2  |  -57.14819   115.4746    -0.49   0.621    -284.0623     169.766
               3  |  -30.44109   71.62887    -0.42   0.671    -171.1959    110.3137
               4  |   33.24359   88.71523     0.37   0.708    -141.0869    207.5741
------------------+----------------------------------------------------------------
base_lit_tt       |
              _at |
               1  |   99.15696   88.90161     1.12   0.265    -75.53974    273.8537
               2  |   29.39768   64.73147     0.45   0.650    -97.80332    156.5987
               3  |   53.15633    53.5999     0.99   0.322    -52.17051    158.4832
               4  |   .2840442   52.21852     0.01   0.996    -102.3283    102.8964
-----------------------------------------------------------------------------------
note: cat_mainoccupation_indiv_1_1 omitted because of collinearity
note: sexratiocat_1_1 omitted because of collinearity
note: near_tirup omitted because of collinearity

Linear regression                               Number of obs     =        729
                                                F(56, 467)        =       0.48
                                                Prob > F          =     0.9995
                                                R-squared         =     0.0618
                                                Root MSE          =       1538

                                                   (Std. Err. adjusted for 468 clusters in HHvar)
-------------------------------------------------------------------------------------------------
                                |               Robust
                delta_ISR_indiv |      Coef.   Std. Err.      t    P>|t|     [95% Conf. Interval]
--------------------------------+----------------------------------------------------------------
              base_nocorrf1_std |  -186.0107   207.8939    -0.89   0.371    -594.5341    222.5127
              base_nocorrf2_std |   21.80691   83.03425     0.26   0.793    -141.3601    184.9739
              base_nocorrf3_std |   216.2286   115.1985     1.88   0.061    -10.14296    442.6001
              base_nocorrf4_std |  -125.3987   126.0023    -1.00   0.320    -373.0003    122.2029
              base_nocorrf5_std |   2.505412   94.83141     0.03   0.979    -183.8437    188.8545
                  base_raven_tt |   2.193591   11.93121     0.18   0.854    -21.25192     25.6391
                    base_num_tt |   37.97376   69.82484     0.54   0.587    -99.23601    175.1835
                    base_lit_tt |   47.11908   126.2874     0.37   0.709    -201.0428     295.281
                          age_1 |   9.266957   28.17049     0.33   0.742    -46.08965    64.62356
                        agesq_1 |  -.0134344   .3296538    -0.04   0.968    -.6612229     .634354
                      dummyhead |   50.60298   91.34744     0.55   0.580    -128.8999    230.1059
   cat_mainoccupation_indiv_1_1 |          0  (omitted)
   cat_mainoccupation_indiv_1_2 |  -58.77448   332.2667    -0.18   0.860    -711.6974    594.1484
   cat_mainoccupation_indiv_1_3 |  -420.2498    250.786    -1.68   0.094    -913.0585    72.55887
   cat_mainoccupation_indiv_1_4 |  -132.7543    294.476    -0.45   0.652    -711.4164    445.9078
   cat_mainoccupation_indiv_1_5 |  -192.7048   225.9744    -0.85   0.394    -636.7574    251.3477
                  dummyedulevel |   57.26952    193.971     0.30   0.768    -323.8946    438.4336
               maritalstatus2_1 |  -31.37277   168.4513    -0.19   0.852    -362.3891    299.6436
dummymultipleoccupation_indiv_1 |   205.5055   139.8504     1.47   0.142    -69.30845    480.3195
                   assets1000_1 |  -.0309993   .0247361    -1.25   0.211    -.0796072    .0176086
                sexratiocat_1_1 |          0  (omitted)
                sexratiocat_1_2 |   226.8316   172.9098     1.31   0.190     -112.946    566.6091
                sexratiocat_1_3 |   21.46738   77.96107     0.28   0.783    -131.7305    174.6653
                       hhsize_1 |  -21.18844   34.67838    -0.61   0.541    -89.33343    46.95655
                        shock_1 |   149.3066   140.7956     1.06   0.289    -127.3647    425.9779
                 incomeHH1000_1 |   .1950901   .1658377     1.18   0.240    -.1307903    .5209706
                   near_panruti |   178.1841   212.4016     0.84   0.402    -239.1971    595.5654
                  near_villupur |   198.1115   232.2288     0.85   0.394    -258.2313    654.4543
                     near_tirup |          0  (omitted)
                   near_chengal |  -275.3979   238.3702    -1.16   0.249    -743.8089    193.0132
                   near_kanchip |  -346.8182   317.6171    -1.09   0.275    -970.9539    277.3174
                   near_chennai |  -84.17749   171.2722    -0.49   0.623    -420.7371    252.3821
                         female |  -8.602281   229.0722    -0.04   0.970    -458.7421    441.5375
                         dalits |   830.8432    605.985     1.37   0.171    -359.9518    2021.638
                        femXdal |  -695.1857   589.2762    -1.18   0.239    -1853.147    462.7755
          fem_base_nocorrf1_std |   214.5052   205.6534     1.04   0.297    -189.6155    618.6259
          fem_base_nocorrf2_std |  -46.45906   80.20482    -0.58   0.563    -204.0661     111.148
          fem_base_nocorrf3_std |  -158.6477   118.0257    -1.34   0.180     -390.575    73.27949
          fem_base_nocorrf4_std |   104.0074   130.2478     0.80   0.425     -151.937    359.9518
          fem_base_nocorrf5_std |  -50.48299    101.955    -0.50   0.621    -250.8304    149.8644
              fem_base_raven_tt |   3.346894   13.44341     0.25   0.803    -23.07017    29.76396
                fem_base_num_tt |  -43.56278   76.93997    -0.57   0.572    -194.7542    107.6286
                fem_base_lit_tt |  -19.86768   123.6022    -0.16   0.872     -262.753    223.0176
          dal_base_nocorrf1_std |   22.15031   305.2815     0.07   0.942    -577.7453    622.0459
          dal_base_nocorrf2_std |   374.9651   359.0179     1.04   0.297    -330.5255    1080.456
          dal_base_nocorrf3_std |    -306.16   237.0961    -1.29   0.197    -772.0674    159.7474
          dal_base_nocorrf4_std |   177.4023    178.502     0.99   0.321    -173.3643    528.1688
          dal_base_nocorrf5_std |  -104.8252   285.0232    -0.37   0.713     -664.912    455.2616
              dal_base_raven_tt |  -27.00484   21.75861    -1.24   0.215    -69.76175    15.75206
                dal_base_num_tt |  -100.1306   116.3317    -0.86   0.390     -328.729    128.4679
                dal_base_lit_tt |  -48.00741   120.1891    -0.40   0.690    -284.1857    188.1709
     threeway_base_nocorrf1_std |  -13.23138   315.7679    -0.04   0.967    -633.7333    607.2705
     threeway_base_nocorrf2_std |   -341.737   377.3835    -0.91   0.366    -1083.317     399.843
     threeway_base_nocorrf3_std |   252.5526   240.1423     1.05   0.293    -219.3406    724.4458
     threeway_base_nocorrf4_std |  -182.5022   187.7145    -0.97   0.331    -551.3718    186.3674
     threeway_base_nocorrf5_std |    141.245   298.0697     0.47   0.636    -444.4788    726.9688
         threeway_base_raven_tt |   23.09861    23.9322     0.97   0.335    -23.92952    70.12675
           threeway_base_num_tt |   81.71077   112.9451     0.72   0.470    -140.2327    303.6542
           threeway_base_lit_tt |    61.0483    130.886     0.47   0.641    -196.1502    318.2468
                          _cons |  -555.8701   788.2109    -0.71   0.481    -2104.749     993.009
-------------------------------------------------------------------------------------------------

Average marginal effects                        Number of obs     =        729
Model VCE    : Robust

Expression   : Linear prediction, predict()
dy/dx w.r.t. : base_nocorrf1_std base_nocorrf2_std base_nocorrf3_std base_nocorrf4_std base_nocorrf5_std base_raven_tt base_num_tt base_lit_tt

1._at        : female          =           0
               dalits          =           0

2._at        : female          =           0
               dalits          =           1

3._at        : female          =           1
               dalits          =           0

4._at        : female          =           1
               dalits          =           1

-----------------------------------------------------------------------------------
                  |            Delta-method
                  |      dy/dx   Std. Err.      t    P>|t|     [95% Conf. Interval]
------------------+----------------------------------------------------------------
base_nocorrf1_std |
              _at |
               1  |  -186.0107   207.8939    -0.89   0.371    -594.5341    222.5127
               2  |  -163.8604   249.7754    -0.66   0.512    -654.6833    326.9625
               3  |    28.4945   34.42822     0.83   0.408     -39.1589    96.14791
               4  |   37.41343   29.86838     1.25   0.211    -21.27963    96.10649
------------------+----------------------------------------------------------------
base_nocorrf2_std |
              _at |
               1  |   21.80691   83.03425     0.26   0.793    -141.3601    184.9739
               2  |    396.772    351.263     1.13   0.259    -293.4798    1087.024
               3  |  -24.65215    39.9916    -0.62   0.538    -103.2379    53.93362
               4  |    8.57592   36.39817     0.24   0.814    -62.94856     80.1004
------------------+----------------------------------------------------------------
base_nocorrf3_std |
              _at |
               1  |   216.2286   115.1985     1.88   0.061    -10.14296    442.6001
               2  |  -89.93145   226.4559    -0.40   0.691    -534.9301    355.0672
               3  |   57.58083   31.90224     1.80   0.072    -5.108884    120.2705
               4  |   3.973423   30.36636     0.13   0.896     -55.6982    63.64505
------------------+----------------------------------------------------------------
base_nocorrf4_std |
              _at |
               1  |  -125.3987   126.0023    -1.00   0.320    -373.0003    122.2029
               2  |   52.00356   117.8062     0.44   0.659    -179.4924    283.4995
               3  |  -21.39129   30.64777    -0.70   0.486    -81.61589    38.83331
               4  |  -26.49124   28.87838    -0.92   0.359    -83.23889    30.25641
------------------+----------------------------------------------------------------
base_nocorrf5_std |
              _at |
               1  |   2.505412   94.83141     0.03   0.979    -183.8437    188.8545
               2  |  -102.3198   263.2862    -0.39   0.698    -619.6921    415.0525
               3  |  -47.97758   37.16364    -1.29   0.197    -121.0062    25.05107
               4  |   -11.5578    24.4384    -0.47   0.636    -59.58064    36.46503
------------------+----------------------------------------------------------------
base_raven_tt     |
              _at |
               1  |   2.193591   11.93121     0.18   0.854    -21.25192     25.6391
               2  |  -24.81125   18.52813    -1.34   0.181    -61.22007    11.59757
               3  |   5.540485   4.503876     1.23   0.219    -3.309887    14.39086
               4  |   1.634254    4.63878     0.35   0.725    -7.481213    10.74972
------------------+----------------------------------------------------------------
base_num_tt       |
              _at |
               1  |   37.97376   69.82484     0.54   0.587    -99.23601    175.1835
               2  |  -62.15679   122.0237    -0.51   0.611    -301.9403    177.6268
               3  |  -5.589019   34.93387    -0.16   0.873    -74.23606    63.05802
               4  |   -24.0088   40.51136    -0.59   0.554    -103.6159    55.59832
------------------+----------------------------------------------------------------
base_lit_tt       |
              _at |
               1  |   47.11908   126.2874     0.37   0.709    -201.0428     295.281
               2  |  -.8883274   90.12725    -0.01   0.992    -177.9935    176.2168
               3  |    27.2514   34.25559     0.80   0.427    -40.06277    94.56557
               4  |    40.2923   51.13924     0.79   0.431    -60.19922    140.7838
-----------------------------------------------------------------------------------
note: cat_mainoccupation_indiv_1_5 omitted because of collinearity
note: sexratiocat_1_1 omitted because of collinearity
note: near_chennai omitted because of collinearity

Linear regression                               Number of obs     =        731
                                                F(56, 467)        =       2.49
                                                Prob > F          =     0.0000
                                                R-squared         =     0.1128
                                                Root MSE          =     152.72

                                                   (Std. Err. adjusted for 468 clusters in HHvar)
-------------------------------------------------------------------------------------------------
                                |               Robust
              delta_loans_indiv |      Coef.   Std. Err.      t    P>|t|     [95% Conf. Interval]
--------------------------------+----------------------------------------------------------------
              base_nocorrf1_std |  -25.59064   12.74867    -2.01   0.045     -50.6425   -.5387831
              base_nocorrf2_std |   24.22444   12.23863     1.98   0.048     .1748355    48.27404
              base_nocorrf3_std |   26.85287   10.35631     2.59   0.010     6.502122    47.20361
              base_nocorrf4_std |   .8946756   13.13823     0.07   0.946    -24.92268    26.71204
              base_nocorrf5_std |  -10.05658   11.36061    -0.89   0.376    -32.38083    12.26766
                  base_raven_tt |  -.2001634   1.346151    -0.15   0.882    -2.845427      2.4451
                    base_num_tt |   10.28749   15.38545     0.67   0.504     -19.9458    40.52078
                    base_lit_tt |  -8.376648    11.5628    -0.72   0.469     -31.0982    14.34491
                          age_1 |   7.018268   2.885294     2.43   0.015     1.348502    12.68803
                        agesq_1 |  -.0819442   .0294337    -2.78   0.006    -.1397831   -.0241053
                      dummyhead |  -20.90412   19.84793    -1.05   0.293    -59.90643    18.09819
   cat_mainoccupation_indiv_1_1 |  -7.192271   25.55738    -0.28   0.779    -57.41398    43.02944
   cat_mainoccupation_indiv_1_2 |  -.7819993   26.97157    -0.03   0.977    -53.78267    52.21867
   cat_mainoccupation_indiv_1_3 |  -9.187119   21.38844    -0.43   0.668    -51.21662    32.84238
   cat_mainoccupation_indiv_1_4 |  -.2250777   21.53113    -0.01   0.992    -42.53498    42.08482
   cat_mainoccupation_indiv_1_5 |          0  (omitted)
                  dummyedulevel |  -30.43666   14.95506    -2.04   0.042     -59.8242   -1.049123
               maritalstatus2_1 |   13.12466   15.58662     0.84   0.400    -17.50393    43.75324
dummymultipleoccupation_indiv_1 |   -8.26853   14.10576    -0.59   0.558    -35.98714    19.45008
                   assets1000_1 |   -.002441   .0030119    -0.81   0.418    -.0083596    .0034776
                sexratiocat_1_1 |          0  (omitted)
                sexratiocat_1_2 |   -17.4601   16.13738    -1.08   0.280    -49.17097    14.25078
                sexratiocat_1_3 |  -10.32257   15.46139    -0.67   0.505    -40.70507    20.05994
                       hhsize_1 |   2.179908   3.046982     0.72   0.475    -3.807585    8.167401
                        shock_1 |   1.630384   12.78815     0.13   0.899    -23.49907    26.75983
                 incomeHH1000_1 |    .004375    .017608     0.25   0.804    -.0302258    .0389758
                   near_panruti |   73.28913   34.71126     2.11   0.035     5.079525    141.4987
                  near_villupur |   67.86198   34.83875     1.95   0.052    -.5981361    136.3221
                     near_tirup |   13.32006   37.24792     0.36   0.721    -59.87422    86.51434
                   near_chengal |  -10.72579   35.38782    -0.30   0.762    -80.26488    58.81329
                   near_kanchip |  -24.21561    38.4142    -0.63   0.529    -99.70169    51.27047
                   near_chennai |          0  (omitted)
                         female |  -12.77186   38.99571    -0.33   0.743    -89.40063    63.85692
                         dalits |  -6.965997    31.7474    -0.22   0.826    -69.35144    55.41945
                        femXdal |  -5.056381   42.85104    -0.12   0.906     -89.2611    79.14834
          fem_base_nocorrf1_std |   17.31841   18.94284     0.91   0.361    -19.90535    54.54216
          fem_base_nocorrf2_std |  -30.62839    18.9757    -1.61   0.107    -67.91671    6.659933
          fem_base_nocorrf3_std |   9.168205    17.7307     0.52   0.605    -25.67362    44.01003
          fem_base_nocorrf4_std |   .4757522   17.47631     0.03   0.978    -33.86618    34.81769
          fem_base_nocorrf5_std |   10.18657   15.93743     0.64   0.523    -21.13138    41.50453
              fem_base_raven_tt |  -1.010172    2.07125    -0.49   0.626    -5.080296    3.059952
                fem_base_num_tt |  -30.90826   20.53548    -1.51   0.133    -71.26165    9.445124
                fem_base_lit_tt |   34.87861   14.78492     2.36   0.019     5.825392    63.93183
          dal_base_nocorrf1_std |   29.01715   16.68499     1.74   0.083    -3.769799     61.8041
          dal_base_nocorrf2_std |   -39.5196   17.03573    -2.32   0.021    -72.99577   -6.043427
          dal_base_nocorrf3_std |  -8.194119   15.28266    -0.54   0.592    -38.22542    21.83718
          dal_base_nocorrf4_std |  -6.129621   16.42393    -0.37   0.709    -38.40358    26.14434
          dal_base_nocorrf5_std |   19.74082   15.69799     1.26   0.209    -11.10662    50.58826
              dal_base_raven_tt |  -.2942886   1.941699    -0.15   0.880    -4.109837     3.52126
                dal_base_num_tt |   -17.2911   19.40068    -0.89   0.373    -55.41453    20.83234
                dal_base_lit_tt |   12.71923   13.75666     0.92   0.356    -14.31339    39.75185
     threeway_base_nocorrf1_std |   10.18327   24.91872     0.41   0.683    -38.78342    59.14997
     threeway_base_nocorrf2_std |   19.70097   26.15046     0.75   0.452    -31.68617    71.08811
     threeway_base_nocorrf3_std |  -9.964208   25.22567    -0.40   0.693    -59.53408    39.60567
     threeway_base_nocorrf4_std |  -10.80931   25.12799    -0.43   0.667    -60.18725    38.56863
     threeway_base_nocorrf5_std |    -44.159    23.6533    -1.87   0.063    -90.63907     2.32108
         threeway_base_raven_tt |   1.243154   3.025915     0.41   0.681     -4.70294    7.189248
           threeway_base_num_tt |   36.03554   29.39287     1.23   0.221    -21.72311    93.79419
           threeway_base_lit_tt |  -29.08178   19.28255    -1.51   0.132    -66.97308    8.809529
                          _cons |  -84.29572    73.4751    -1.15   0.252    -228.6785    60.08702
-------------------------------------------------------------------------------------------------

Average marginal effects                        Number of obs     =        731
Model VCE    : Robust

Expression   : Linear prediction, predict()
dy/dx w.r.t. : base_nocorrf1_std base_nocorrf2_std base_nocorrf3_std base_nocorrf4_std base_nocorrf5_std base_raven_tt base_num_tt base_lit_tt

1._at        : female          =           0
               dalits          =           0

2._at        : female          =           0
               dalits          =           1

3._at        : female          =           1
               dalits          =           0

4._at        : female          =           1
               dalits          =           1

-----------------------------------------------------------------------------------
                  |            Delta-method
                  |      dy/dx   Std. Err.      t    P>|t|     [95% Conf. Interval]
------------------+----------------------------------------------------------------
base_nocorrf1_std |
              _at |
               1  |  -25.59064   12.74867    -2.01   0.045     -50.6425   -.5387831
               2  |   3.426508   10.87366     0.32   0.753    -17.94084    24.79386
               3  |  -8.272236   13.49845    -0.61   0.540    -34.79746    18.25299
               4  |   30.92819    12.2728     2.52   0.012      6.81144    55.04493
------------------+----------------------------------------------------------------
base_nocorrf2_std |
              _at |
               1  |   24.22444   12.23863     1.98   0.048     .1748355    48.27404
               2  |  -15.29516   11.77744    -1.30   0.195    -38.43849    7.848166
               3  |  -6.403951   14.74887    -0.43   0.664    -35.38632    22.57842
               4  |  -26.22258   12.87852    -2.04   0.042     -51.5296   -.9155601
------------------+----------------------------------------------------------------
base_nocorrf3_std |
              _at |
               1  |   26.85287   10.35631     2.59   0.010     6.502122    47.20361
               2  |   18.65875    11.4481     1.63   0.104    -3.837427    41.15492
               3  |   36.02107   14.62811     2.46   0.014     7.276005    64.76614
               4  |   17.86274   13.08074     1.37   0.173    -7.841663    43.56715
------------------+----------------------------------------------------------------
base_nocorrf4_std |
              _at |
               1  |   .8946756   13.13823     0.07   0.946    -24.92268    26.71204
               2  |  -5.234946   10.04351    -0.52   0.602    -24.97101    14.50112
               3  |   1.370428   11.30739     0.12   0.904    -20.84923    23.59009
               4  |   -15.5685     14.891    -1.05   0.296    -44.83016    13.69315
------------------+----------------------------------------------------------------
base_nocorrf5_std |
              _at |
               1  |  -10.05658   11.36061    -0.89   0.376    -32.38083    12.26766
               2  |   9.684241   10.84811     0.89   0.372    -11.63291    31.00139
               3  |   .1299897   11.55202     0.01   0.991    -22.57038    22.83036
               4  |  -24.28818   14.32036    -1.70   0.091     -52.4285    3.852139
------------------+----------------------------------------------------------------
base_raven_tt     |
              _at |
               1  |  -.2001634   1.346151    -0.15   0.882    -2.845427      2.4451
               2  |  -.4944519   1.471109    -0.34   0.737    -3.385265    2.396361
               3  |  -1.210335   1.628833    -0.74   0.458    -4.411085    1.990415
               4  |  -.2614699   1.709771    -0.15   0.879    -3.621267    3.098327
------------------+----------------------------------------------------------------
base_num_tt       |
              _at |
               1  |   10.28749   15.38545     0.67   0.504     -19.9458    40.52078
               2  |  -7.003608   11.45033    -0.61   0.541    -29.50416    15.49694
               3  |  -20.62077   13.94861    -1.48   0.140    -48.03058    6.789038
               4  |  -1.876326   17.62285    -0.11   0.915    -36.50623    32.75358
------------------+----------------------------------------------------------------
base_lit_tt       |
              _at |
               1  |  -8.376648    11.5628    -0.72   0.469     -31.0982    14.34491
               2  |   4.342584   8.012129     0.54   0.588     -11.4017    20.08687
               3  |   26.50196    9.02799     2.94   0.003     8.761448    44.24247
               4  |   10.13941   11.37341     0.89   0.373    -12.20997     32.4888
-----------------------------------------------------------------------------------

. log close
      name:  <unnamed>
       log:  c:delta.log
  log type:  text
 closed on:   2 Jul 2021, 14:55:46
-----------------------------------------------------------------------------------------------------------------------------------------------------------------------------
