------------------------------------------------------------------------------------------------------------------------------------------
      name:  <unnamed>
       log:  c:evoperso.log
  log type:  text
 opened on:   2 Jul 2021, 17:45:08

. *
. foreach x in CO OP EX ES AG {
  2. tab cat_evo5_`x' cat_evo10_`x'
  3. }

cat_evo5_C |           cat_evo10_CO
         O | Decreasin     Stable  Increasin |     Total
-----------+---------------------------------+----------
Decreasing |       503         54          0 |       557 
    Stable |         0        105          0 |       105 
Increasing |         0         36        135 |       171 
-----------+---------------------------------+----------
     Total |       503        195        135 |       833 


cat_evo5_O |           cat_evo10_OP
         P | Decreasin     Stable  Increasin |     Total
-----------+---------------------------------+----------
Decreasing |       242         72          0 |       314 
    Stable |         0        172          0 |       172 
Increasing |         0         48        299 |       347 
-----------+---------------------------------+----------
     Total |       242        292        299 |       833 


cat_evo5_E |           cat_evo10_EX
         X | Decreasin     Stable  Increasin |     Total
-----------+---------------------------------+----------
Decreasing |       427         87          0 |       514 
    Stable |         0        139          0 |       139 
Increasing |         0         50        130 |       180 
-----------+---------------------------------+----------
     Total |       427        276        130 |       833 


cat_evo5_E |           cat_evo10_ES
         S | Decreasin     Stable  Increasin |     Total
-----------+---------------------------------+----------
Decreasing |       557         38          0 |       595 
    Stable |         0         79          0 |        79 
Increasing |         0         33        126 |       159 
-----------+---------------------------------+----------
     Total |       557        150        126 |       833 


cat_evo5_A |           cat_evo10_AG
         G | Decreasin     Stable  Increasin |     Total
-----------+---------------------------------+----------
Decreasing |       438         95          0 |       533 
    Stable |         0        170          0 |       170 
Increasing |         0         38         92 |       130 
-----------+---------------------------------+----------
     Total |       438        303         92 |       833 


. *
. tab username

          username |      Freq.     Percent        Cum.
-------------------+-----------------------------------
            Antoni |          8        0.96        0.96
       Vivek Radja |         98       11.74       12.69
Suganya-Malarvizhi |        178       21.32       34.01
   Chithra-Radhika |        184       22.04       56.05
           Raichal |         76        9.10       65.15
      Rajalakschmi |         89       10.66       75.81
             Mayan |        140       16.77       92.57
            Pazani |         62        7.43      100.00
-------------------+-----------------------------------
             Total |        835      100.00

. *
. foreach x in CO OP EX ES AG {
  2. tab username cat_evo5_`x', row nofreq
  3. }

                   |           cat_evo5_CO
          username | Decreasin     Stable  Increasin |     Total
-------------------+---------------------------------+----------
            Antoni |     87.50      12.50       0.00 |    100.00 
       Vivek Radja |     80.61      11.22       8.16 |    100.00 
Suganya-Malarvizhi |     76.27       9.04      14.69 |    100.00 
   Chithra-Radhika |     67.76      13.11      19.13 |    100.00 
           Raichal |     60.53       9.21      30.26 |    100.00 
      Rajalakschmi |     47.19      17.98      34.83 |    100.00 
             Mayan |     60.71      15.00      24.29 |    100.00 
            Pazani |     62.90      14.52      22.58 |    100.00 
-------------------+---------------------------------+----------
             Total |     66.87      12.61      20.53 |    100.00 


                   |           cat_evo5_OP
          username | Decreasin     Stable  Increasin |     Total
-------------------+---------------------------------+----------
            Antoni |     37.50      25.00      37.50 |    100.00 
       Vivek Radja |     41.84      21.43      36.73 |    100.00 
Suganya-Malarvizhi |     36.72      20.90      42.37 |    100.00 
   Chithra-Radhika |     38.80      19.67      41.53 |    100.00 
           Raichal |     44.74      11.84      43.42 |    100.00 
      Rajalakschmi |     35.96      20.22      43.82 |    100.00 
             Mayan |     36.43      21.43      42.14 |    100.00 
            Pazani |     27.42      30.65      41.94 |    100.00 
-------------------+---------------------------------+----------
             Total |     37.70      20.65      41.66 |    100.00 


                   |           cat_evo5_EX
          username | Decreasin     Stable  Increasin |     Total
-------------------+---------------------------------+----------
            Antoni |     75.00      25.00       0.00 |    100.00 
       Vivek Radja |     76.53      16.33       7.14 |    100.00 
Suganya-Malarvizhi |     70.06      14.12      15.82 |    100.00 
   Chithra-Radhika |     50.27      19.67      30.05 |    100.00 
           Raichal |     76.32       2.63      21.05 |    100.00 
      Rajalakschmi |     60.67      14.61      24.72 |    100.00 
             Mayan |     55.00      25.00      20.00 |    100.00 
            Pazani |     45.16      16.13      38.71 |    100.00 
-------------------+---------------------------------+----------
             Total |     61.70      16.69      21.61 |    100.00 


                   |           cat_evo5_ES
          username | Decreasin     Stable  Increasin |     Total
-------------------+---------------------------------+----------
            Antoni |     87.50       0.00      12.50 |    100.00 
       Vivek Radja |     82.65       9.18       8.16 |    100.00 
Suganya-Malarvizhi |     85.31       7.34       7.34 |    100.00 
   Chithra-Radhika |     92.35       2.73       4.92 |    100.00 
           Raichal |     59.21      17.11      23.68 |    100.00 
      Rajalakschmi |     35.96      13.48      50.56 |    100.00 
             Mayan |     50.00      12.86      37.14 |    100.00 
            Pazani |     64.52      14.52      20.97 |    100.00 
-------------------+---------------------------------+----------
             Total |     71.43       9.48      19.09 |    100.00 


                   |           cat_evo5_AG
          username | Decreasin     Stable  Increasin |     Total
-------------------+---------------------------------+----------
            Antoni |     87.50      12.50       0.00 |    100.00 
       Vivek Radja |     78.57      11.22      10.20 |    100.00 
Suganya-Malarvizhi |     70.62      15.82      13.56 |    100.00 
   Chithra-Radhika |     64.48      20.22      15.30 |    100.00 
           Raichal |     61.84      22.37      15.79 |    100.00 
      Rajalakschmi |     62.92      20.22      16.85 |    100.00 
             Mayan |     57.14      25.71      17.14 |    100.00 
            Pazani |     37.10      35.48      27.42 |    100.00 
-------------------+---------------------------------+----------
             Total |     63.99      20.41      15.61 |    100.00 


. *
. foreach x in CO OP EX ES AG {
  2. reg delta_`x' c.age_1 i.sex_1 ib(freq).username ib(freq).village2016 ib(freq).caste, baselevels
  3. }

      Source |       SS           df       MS      Number of obs   =       833
-------------+----------------------------------   F(29, 803)      =      5.01
       Model |  73456.5515        29  2532.98453   Prob > F        =    0.0000
    Residual |  406291.733       803  505.967289   R-squared       =    0.1531
-------------+----------------------------------   Adj R-squared   =    0.1225
       Total |  479748.284       832  576.620534   Root MSE        =    22.494

-------------------------------------------------------------------------------------
           delta_CO |      Coef.   Std. Err.      t    P>|t|     [95% Conf. Interval]
--------------------+----------------------------------------------------------------
              age_1 |   .1076106   .0600175     1.79   0.073    -.0101991    .2254203
                    |
              sex_1 |
              Male  |          0  (base)
            Female  |   5.617035   1.614501     3.48   0.001     2.447895    8.786175
                    |
           username |
            Antoni  |  -5.893375   8.525673    -0.69   0.490    -22.62861    10.84186
       Vivek Radja  |   -1.40572   3.215805    -0.44   0.662    -7.718097    4.906656
Suganya-Malarvizhi  |  -5.293513   2.544907    -2.08   0.038    -10.28897   -.2980585
   Chithra-Radhika  |          0  (base)
           Raichal  |   3.541967   3.244212     1.09   0.275    -2.826171    9.910105
      Rajalakschmi  |   7.988643   3.083713     2.59   0.010     1.935553    14.04173
             Mayan  |    7.98335   2.917139     2.74   0.006     2.257231    13.70947
            Pazani  |    10.4397   4.030205     2.59   0.010     2.528715    18.35068
                    |
        village2016 |
             Athur  |  -21.08655    7.21689    -2.92   0.004    -35.25275   -6.920351
      Chengalpattu  |  -24.02896   16.29585    -1.47   0.141    -56.01645    7.958533
      Chinnaputhur  |  -18.05718   22.99999    -0.79   0.433    -63.20437    27.09002
               ELA  |  -5.317276   3.657113    -1.45   0.146    -12.49591    1.861355
               GOV  |   4.465658    4.65615     0.96   0.338    -4.674004    13.60532
               KAR  |   -2.52496   3.452693    -0.73   0.465    -9.302329    4.252409
               KOR  |   3.099668   3.706272     0.84   0.403    -4.175458    10.37479
               KUV  |  -20.08575   4.102047    -4.90   0.000    -28.13775   -12.03375
               MAN  |  -5.574339    3.85856    -1.44   0.149    -13.14839    1.999716
             MANAM  |   -6.90605   3.735169    -1.85   0.065     -14.2379    .4257983
               NAT  |   -2.66068   3.575173    -0.74   0.457    -9.678469    4.357108
               ORA  |          0  (base)
       Poonamallee  |  -11.35563   11.62573    -0.98   0.329    -34.17604    11.46478
               SEM  |  -2.816894   3.535855    -0.80   0.426    -9.757503    4.123716
    Sembarambakkam  |  -18.10342   6.649099    -2.72   0.007    -31.15509   -5.051752
           Somanur  |  -2.575811   11.01655    -0.23   0.815    -24.20044    19.04882
          Tiruppur  |    12.6648   16.58196     0.76   0.445     -19.8843    45.21391
     Villiambakkam  |  -14.48332   4.486412    -3.23   0.001     -23.2898    -5.67684
         Walajabad  |  -28.55344   11.61889    -2.46   0.014    -51.36043   -5.746458
                    |
              caste |
         C: Dalits  |          0  (base)
         C: Middle  |   .6567906   1.724913     0.38   0.703     -2.72908    4.042661
          C: Upper  |   5.821663   3.736419     1.56   0.120    -1.512639    13.15596
                    |
              _cons |  -17.75792   4.126907    -4.30   0.000    -25.85872   -9.657117
-------------------------------------------------------------------------------------

      Source |       SS           df       MS      Number of obs   =       833
-------------+----------------------------------   F(29, 803)      =      5.34
       Model |  122134.867        29  4211.54715   Prob > F        =    0.0000
    Residual |   632902.33       803  788.172267   R-squared       =    0.1618
-------------+----------------------------------   Adj R-squared   =    0.1315
       Total |  755037.198       832  907.496632   Root MSE        =    28.074

-------------------------------------------------------------------------------------
           delta_OP |      Coef.   Std. Err.      t    P>|t|     [95% Conf. Interval]
--------------------+----------------------------------------------------------------
              age_1 |   .7627566   .0749078    10.18   0.000     .6157183    .9097948
                    |
              sex_1 |
              Male  |          0  (base)
            Female  |   5.607698   2.015058     2.78   0.006     1.652295    9.563102
                    |
           username |
            Antoni  |     -8.652   10.64089    -0.81   0.416    -29.53925    12.23525
       Vivek Radja  |   .3835165   4.013646     0.10   0.924     -7.49496    8.261993
Suganya-Malarvizhi  |   4.488682   3.176298     1.41   0.158    -1.746145    10.72351
   Chithra-Radhika  |          0  (base)
           Raichal  |   4.433815   4.049101     1.10   0.274    -3.514257    12.38189
      Rajalakschmi  |   5.310853   3.848782     1.38   0.168    -2.244009    12.86572
             Mayan  |   3.775046   3.640881     1.04   0.300    -3.371722    10.92181
            Pazani  |    11.6323   5.030099     2.31   0.021     1.758604    21.50599
                    |
        village2016 |
             Athur  |  -5.354628     9.0074    -0.59   0.552    -23.03546     12.3262
      Chengalpattu  |  -20.39661   20.33885    -1.00   0.316    -60.32019    19.52698
      Chinnaputhur  |  -18.52978   28.70628    -0.65   0.519    -74.87799    37.81843
               ELA  |  -11.33917   4.564443    -2.48   0.013    -20.29882   -2.379521
               GOV  |  -4.404966    5.81134    -0.76   0.449    -15.81218    7.002245
               KAR  |   3.631649   4.309306     0.84   0.400    -4.827185    12.09048
               KOR  |  -10.13485   4.625798    -2.19   0.029    -19.21494    -1.05477
               KUV  |  -8.018922   5.119765    -1.57   0.118    -18.06862     2.03078
               MAN  |   -6.23033   4.815868    -1.29   0.196    -15.68351    3.222848
             MANAM  |  -4.744728   4.661865    -1.02   0.309    -13.89561    4.406152
               NAT  |  -9.714876   4.462174    -2.18   0.030    -18.47378   -.9559742
               ORA  |          0  (base)
       Poonamallee  |   2.691888   14.51007     0.19   0.853    -25.79026    31.17404
               SEM  |   3.098606     4.4131     0.70   0.483    -5.563968    11.76118
    Sembarambakkam  |  -10.13516    8.29874    -1.22   0.222    -26.42495    6.154621
           Somanur  |   .1919855   13.74975     0.01   0.989    -26.79771    27.18169
          Tiruppur  |  -14.40286   20.69595    -0.70   0.487     -55.0274    26.22168
     Villiambakkam  |   7.487238    5.59949     1.34   0.182    -3.504128     18.4786
         Walajabad  |  -19.32953   14.50154    -1.33   0.183    -47.79492    9.135867
                    |
              caste |
         C: Dalits  |          0  (base)
         C: Middle  |  -1.996719   2.152864    -0.93   0.354    -6.222624    2.229186
          C: Upper  |   1.757988   4.663424     0.38   0.706    -7.395953    10.91193
                    |
              _cons |  -26.69635   5.150793    -5.18   0.000    -36.80695   -16.58574
-------------------------------------------------------------------------------------

      Source |       SS           df       MS      Number of obs   =       833
-------------+----------------------------------   F(29, 803)      =      3.71
       Model |  38956.8985        29  1343.34133   Prob > F        =    0.0000
    Residual |  290385.928       803  361.626312   R-squared       =    0.1183
-------------+----------------------------------   Adj R-squared   =    0.0864
       Total |  329342.827       832  395.844744   Root MSE        =    19.016

-------------------------------------------------------------------------------------
           delta_EX |      Coef.   Std. Err.      t    P>|t|     [95% Conf. Interval]
--------------------+----------------------------------------------------------------
              age_1 |   .0405237   .0507395     0.80   0.425    -.0590741    .1401215
                    |
              sex_1 |
              Male  |          0  (base)
            Female  |   5.178883    1.36492     3.79   0.000     2.499651    7.858114
                    |
           username |
            Antoni  |   -13.6444   7.207713    -1.89   0.059    -27.79258    .5037826
       Vivek Radja  |  -6.499269   2.718683    -2.39   0.017    -11.83583   -1.162705
Suganya-Malarvizhi  |  -9.127982   2.151496    -4.24   0.000     -13.3512    -4.90476
   Chithra-Radhika  |          0  (base)
           Raichal  |  -13.10103   2.742698    -4.78   0.000    -18.48473   -7.717321
      Rajalakschmi  |  -1.991838   2.607011    -0.76   0.445    -7.109198    3.125522
             Mayan  |  -.7738258   2.466187    -0.31   0.754    -5.614759    4.067108
            Pazani  |   5.862028   3.407187     1.72   0.086    -.8260161    12.55007
                    |
        village2016 |
             Athur  |  -5.600087   6.101251    -0.92   0.359    -17.57637    6.376196
      Chengalpattu  |  -3.305629   13.77672    -0.24   0.810    -30.34826      23.737
      Chinnaputhur  |   10.84312   19.44448     0.56   0.577    -27.32489    49.01114
               ELA  |  -.5373837    3.09177    -0.17   0.862     -6.60629    5.531522
               GOV  |    10.6837   3.936368     2.71   0.007     2.956918    18.41049
               KAR  |   2.770525   2.918951     0.95   0.343    -2.959149      8.5002
               KOR  |  -1.795145    3.13333    -0.57   0.567    -7.945629    4.355339
               KUV  |  -2.588209   3.467923    -0.75   0.456    -9.395474    4.219055
               MAN  |   2.465259   3.262076     0.76   0.450    -3.937943    8.868462
             MANAM  |   -3.29137    3.15776    -1.04   0.298    -9.489808    2.907068
               NAT  |   .9293737   3.022497     0.31   0.759    -5.003554    6.862302
               ORA  |          0  (base)
       Poonamallee  |  -1.807067    9.82854    -0.18   0.854    -21.09973     17.4856
               SEM  |  -2.713273   2.989257    -0.91   0.364    -8.580953    3.154406
    Sembarambakkam  |  -11.07467   5.621233    -1.97   0.049    -22.10871    -.040623
           Somanur  |   6.120359    9.31353     0.66   0.511    -12.16138     24.4021
          Tiruppur  |  -4.746245    14.0186    -0.34   0.735    -32.26368    22.77119
     Villiambakkam  |  -2.063693    3.79287    -0.54   0.587    -9.508803    5.381417
         Walajabad  |  -8.055373   9.822759    -0.82   0.412    -27.33669    11.22594
                    |
              caste |
         C: Dalits  |          0  (base)
         C: Middle  |   .8883548   1.458263     0.61   0.543    -1.974104    3.750813
          C: Upper  |   3.830355   3.158816     1.21   0.226    -2.370157    10.03087
                    |
              _cons |  -8.642647    3.48894    -2.48   0.013    -15.49117   -1.794128
-------------------------------------------------------------------------------------

      Source |       SS           df       MS      Number of obs   =       833
-------------+----------------------------------   F(29, 803)      =      7.78
       Model |    259588.7        29  8951.33447   Prob > F        =    0.0000
    Residual |  923951.858       803  1150.62498   R-squared       =    0.2193
-------------+----------------------------------   Adj R-squared   =    0.1911
       Total |  1183540.56       832  1422.52471   Root MSE        =    33.921

-------------------------------------------------------------------------------------
           delta_ES |      Coef.   Std. Err.      t    P>|t|     [95% Conf. Interval]
--------------------+----------------------------------------------------------------
              age_1 |  -.1626698   .0905073    -1.80   0.073    -.3403285     .014989
                    |
              sex_1 |
              Male  |          0  (base)
            Female  |   1.141902   2.434692     0.47   0.639    -3.637209    5.921013
                    |
           username |
            Antoni  |   14.21964   12.85684     1.11   0.269    -11.01735    39.45663
       Vivek Radja  |   8.624091   4.849482     1.78   0.076    -.8950684    18.14325
Suganya-Malarvizhi  |   9.307278   3.837757     2.43   0.016     1.774057     16.8405
   Chithra-Radhika  |          0  (base)
           Raichal  |       21.1   4.892321     4.31   0.000     11.49675    30.70324
      Rajalakschmi  |   42.95461   4.650286     9.24   0.000     33.82646    52.08276
             Mayan  |   33.14489    4.39909     7.53   0.000     24.50982    41.77996
            Pazani  |   22.05324    6.07761     3.63   0.000     10.12336    33.98311
                    |
        village2016 |
             Athur  |  -1.782679   10.88318    -0.16   0.870    -23.14552    19.58016
      Chengalpattu  |  -19.31767   24.57438    -0.79   0.432    -67.55528    28.91995
      Chinnaputhur  |  -17.80415   34.68433    -0.51   0.608     -85.8868     50.2785
               ELA  |    -3.9667   5.514982    -0.72   0.472    -14.79218    6.858784
               GOV  |   -13.5706   7.021544    -1.93   0.054    -27.35335    .2121503
               KAR  |   4.504997   5.206713     0.87   0.387    -5.715378    14.72537
               KOR  |   3.888321   5.589115     0.70   0.487    -7.082678    14.85932
               KUV  |   -11.5303   6.185949    -1.86   0.063    -23.67284    .6122364
               MAN  |  -11.49749   5.818767    -1.98   0.049    -22.91928   -.0757034
             MANAM  |   -12.3284   5.632692    -2.19   0.029    -23.38494   -1.271863
               NAT  |  -6.922178   5.391415    -1.28   0.200    -17.50511    3.660753
               ORA  |          0  (base)
       Poonamallee  |   4.072492   17.53178     0.23   0.816    -30.34103    38.48601
               SEM  |  -6.046482   5.332122    -1.13   0.257    -16.51303    4.420061
    Sembarambakkam  |  -8.479265   10.02694    -0.85   0.398    -28.16138    11.20285
           Somanur  |    -14.306   16.61312    -0.86   0.389    -46.91627    18.30427
          Tiruppur  |  -9.326365   25.00585    -0.37   0.709    -58.41091    39.75818
     Villiambakkam  |  -7.074427   6.765577    -1.05   0.296    -20.35473    6.205877
         Walajabad  |  -19.21174   17.52146    -1.10   0.273    -53.60502    15.18153
                    |
              caste |
         C: Dalits  |          0  (base)
         C: Middle  |   4.334001   2.601195     1.67   0.096    -.7719434    9.439945
          C: Upper  |   29.38498   5.634576     5.22   0.000     18.32474    40.44522
                    |
              _cons |  -27.49202   6.223438    -4.42   0.000    -39.70815   -15.27589
-------------------------------------------------------------------------------------

      Source |       SS           df       MS      Number of obs   =       833
-------------+----------------------------------   F(29, 803)      =      2.21
       Model |  17773.7426        29  612.887676   Prob > F        =    0.0003
    Residual |  222598.664       803  277.208797   R-squared       =    0.0739
-------------+----------------------------------   Adj R-squared   =    0.0405
       Total |  240372.407       832  288.909143   Root MSE        =     16.65

-------------------------------------------------------------------------------------
           delta_AG |      Coef.   Std. Err.      t    P>|t|     [95% Conf. Interval]
--------------------+----------------------------------------------------------------
              age_1 |  -.0027448   .0444242    -0.06   0.951    -.0899462    .0844565
                    |
              sex_1 |
              Male  |          0  (base)
            Female  |   -.866355   1.195035    -0.72   0.469    -3.212116    1.479406
                    |
           username |
            Antoni  |  -7.065501   6.310605    -1.12   0.263    -19.45273    5.321727
       Vivek Radja  |  -.5204296   2.380302    -0.22   0.827    -5.192778    4.151918
Suganya-Malarvizhi  |  -2.749807    1.88371    -1.46   0.145    -6.447385    .9477702
   Chithra-Radhika  |          0  (base)
           Raichal  |  -1.721905   2.401328    -0.72   0.474    -6.435527    2.991717
      Rajalakschmi  |  -.0073358   2.282529    -0.00   0.997    -4.487763    4.473092
             Mayan  |   4.302937   2.159233     1.99   0.047     .0645301    8.541343
            Pazani  |   8.625387   2.983111     2.89   0.004     2.769771      14.481
                    |
        village2016 |
             Athur  |  -10.93411   5.341859    -2.05   0.041    -21.41977   -.4484562
      Chengalpattu  |  -9.337219     12.062    -0.77   0.439    -33.01399    14.33955
      Chinnaputhur  |  -2.783911   17.02432    -0.16   0.870    -36.20134    30.63352
               ELA  |   2.529095   2.706953     0.93   0.350    -2.784445    7.842634
               GOV  |   1.683403   3.446428     0.49   0.625    -5.081669    8.448475
               KAR  |   2.606928   2.555643     1.02   0.308    -2.409602    7.623458
               KOR  |   1.427951    2.74334     0.52   0.603    -3.957013    6.812915
               KUV  |  -2.474895   3.036288    -0.82   0.415    -8.434893    3.485103
               MAN  |   .8873127   2.856061     0.31   0.756    -4.718915     6.49354
             MANAM  |  -3.376331   2.764729    -1.22   0.222     -8.80328    2.050618
               NAT  |   .8317926   2.646302     0.31   0.753    -4.362693    6.026278
               ORA  |          0  (base)
       Poonamallee  |  -3.646239    8.60523    -0.42   0.672    -20.53764    13.24516
               SEM  |  -.4089805   2.617199    -0.16   0.876    -5.546339    4.728378
    Sembarambakkam  |  -5.107964   4.921586    -1.04   0.300    -14.76866    4.552729
           Somanur  |  -4.259954   8.154321    -0.52   0.602    -20.26626    11.74635
          Tiruppur  |   10.28097   12.27378     0.84   0.402    -13.81151    34.37344
     Villiambakkam  |  -8.808911    3.32079    -2.65   0.008    -15.32736   -2.290457
         Walajabad  |  -7.749145   8.600169    -0.90   0.368    -24.63061    9.132321
                    |
              caste |
         C: Dalits  |          0  (base)
         C: Middle  |   .7394465   1.276761     0.58   0.563    -1.766736    3.245629
          C: Upper  |    6.06977   2.765654     2.19   0.028     .6410053    11.49854
                    |
              _cons |  -9.839993   3.054689    -3.22   0.001    -15.83611   -3.843875
-------------------------------------------------------------------------------------

. *
. foreach x in CO OP EX ES AG {
  2. reg delta_`x' c.age_1 i.sex_1 i.username i.villageid if age_1<30
  3. reg delta_`x' c.age_1 i.sex_1 i.username i.villageid if age_1>=30
  4. }

      Source |       SS           df       MS      Number of obs   =       155
-------------+----------------------------------   F(17, 137)      =      2.81
       Model |   24445.523        17  1437.97194   Prob > F        =    0.0005
    Residual |  70089.0936       137  511.599223   R-squared       =    0.2586
-------------+----------------------------------   Adj R-squared   =    0.1666
       Total |  94534.6166       154  613.861147   Root MSE        =    22.619

-------------------------------------------------------------------------------------
           delta_CO |      Coef.   Std. Err.      t    P>|t|     [95% Conf. Interval]
--------------------+----------------------------------------------------------------
              age_1 |  -.7599201   .5783105    -1.31   0.191    -1.903489    .3836492
                    |
              sex_1 |
            Female  |   10.50937   3.867847     2.72   0.007     2.860969    18.15777
                    |
           username |
Suganya-Malarvizhi  |   .1022455   6.307264     0.02   0.987    -12.36993    12.57443
   Chithra-Radhika  |   8.405985   6.861383     1.23   0.223    -5.161926     21.9739
           Raichal  |  -6.683712   8.557175    -0.78   0.436    -23.60494    10.23751
      Rajalakschmi  |   13.49443   7.689355     1.75   0.082    -1.710735     28.6996
             Mayan  |    13.0961   6.527287     2.01   0.047     .1888344    26.00336
            Pazani  |    3.95896   8.171224     0.48   0.629    -12.19907    20.11699
                    |
          villageid |
               GOV  |   24.33283   9.363535     2.60   0.010     5.817087    42.84858
               KAR  |   14.73596   8.086912     1.82   0.071    -1.255352    30.72727
               KOR  |   21.57516   8.690722     2.48   0.014     4.389851    38.76046
               KUV  |  -3.273769   9.291543    -0.35   0.725    -21.64716    15.09962
               MAN  |   1.365045    8.91268     0.15   0.878    -16.25917    18.98926
             MANAM  |   8.919661   8.127295     1.10   0.274    -7.151506    24.99083
               NAT  |   5.889765   8.662041     0.68   0.498    -11.23883    23.01836
               ORA  |   21.50753   8.056103     2.67   0.009     5.577145    37.43792
               SEM  |   2.354345   9.310889     0.25   0.801     -16.0573    20.76599
                    |
              _cons |  -15.05581   15.07939    -1.00   0.320    -44.87426    14.76264
-------------------------------------------------------------------------------------

      Source |       SS           df       MS      Number of obs   =       678
-------------+----------------------------------   F(18, 659)      =      5.41
       Model |  49564.3031        18  2753.57239   Prob > F        =    0.0000
    Residual |  335632.608       659   509.30593   R-squared       =    0.1287
-------------+----------------------------------   Adj R-squared   =    0.1049
       Total |  385196.911       677  568.976235   Root MSE        =    22.568

-------------------------------------------------------------------------------------
           delta_CO |      Coef.   Std. Err.      t    P>|t|     [95% Conf. Interval]
--------------------+----------------------------------------------------------------
              age_1 |   .1878061   .0863862     2.17   0.030     .0181807    .3574315
                    |
              sex_1 |
            Female  |   5.779366   1.825248     3.17   0.002     2.195365    9.363368
                    |
           username |
       Vivek Radja  |   2.374221   8.564694     0.28   0.782    -14.44316     19.1916
Suganya-Malarvizhi  |   4.115395   8.299019     0.50   0.620    -12.18031     20.4111
   Chithra-Radhika  |   8.429192    8.36181     1.01   0.314     -7.98981    24.84819
           Raichal  |   15.34854   8.532861     1.80   0.073    -1.406336    32.10341
      Rajalakschmi  |   16.90407   8.476894     1.99   0.047     .2590893    33.54904
             Mayan  |   13.92618   8.573584     1.62   0.105    -2.908658    30.76101
            Pazani  |   19.11352    9.12108     2.10   0.037     1.203637     37.0234
                    |
          villageid |
               GOV  |   15.93629   3.966202     4.02   0.000     8.148373    23.72421
               KAR  |   4.662601   3.767543     1.24   0.216    -2.735233    12.06044
               KOR  |    10.6317   4.297871     2.47   0.014     2.192533    19.07088
               KUV  |  -7.770571   4.332278    -1.79   0.073     -16.2773    .7361606
               MAN  |    -.63598   4.009926    -0.16   0.874    -8.509751    7.237791
             MANAM  |   1.563735   4.132969     0.38   0.705    -6.551641    9.679111
               NAT  |   5.438781   3.690689     1.47   0.141    -1.808146    12.68571
               ORA  |   6.066628   3.797037     1.60   0.111    -1.389121    13.52238
               SEM  |   5.829791   3.671328     1.59   0.113    -1.379119     13.0387
                    |
              _cons |  -37.97058   9.461276    -4.01   0.000    -56.54846    -19.3927
-------------------------------------------------------------------------------------

      Source |       SS           df       MS      Number of obs   =       155
-------------+----------------------------------   F(17, 137)      =      2.47
       Model |    15098.36        17  888.138821   Prob > F        =    0.0020
    Residual |  49211.9428       137  359.211261   R-squared       =    0.2348
-------------+----------------------------------   Adj R-squared   =    0.1398
       Total |  64310.3027       154  417.599368   Root MSE        =    18.953

-------------------------------------------------------------------------------------
           delta_OP |      Coef.   Std. Err.      t    P>|t|     [95% Conf. Interval]
--------------------+----------------------------------------------------------------
              age_1 |   .1831517   .4845863     0.38   0.706    -.7750843    1.141388
                    |
              sex_1 |
            Female  |   11.17111   3.241002     3.45   0.001     4.762255    17.57997
                    |
           username |
Suganya-Malarvizhi  |   11.91718   5.285073     2.25   0.026     1.466313    22.36805
   Chithra-Radhika  |   5.556061   5.749389     0.97   0.336     -5.81296    16.92508
           Raichal  |  -7.071006   7.170351    -0.99   0.326    -21.24988     7.10787
      Rajalakschmi  |   1.084569   6.443175     0.17   0.867    -11.65637     13.8255
             Mayan  |   6.113465   5.469439     1.12   0.266    -4.701974     16.9289
            Pazani  |  -1.071656    6.84695    -0.16   0.876    -14.61103    12.46772
                    |
          villageid |
               GOV  |   10.22253   7.846029     1.30   0.195    -5.292454    25.73751
               KAR  |   17.03626   6.776302     2.51   0.013      3.63659    30.43593
               KOR  |   13.63818   7.282255     1.87   0.063    -.7619791    28.03834
               KUV  |   8.622656   7.785704     1.11   0.270    -6.773038    24.01835
               MAN  |   5.605293   7.468242     0.75   0.454    -9.162642    20.37323
             MANAM  |   7.824465   6.810141     1.15   0.253    -5.642119    21.29105
               NAT  |   -6.46043   7.258223    -0.89   0.375    -20.81307    7.892205
               ORA  |   13.23514   6.750486     1.96   0.052    -.1134769    26.58377
               SEM  |    .265554   7.801914     0.03   0.973    -15.16219     15.6933
                    |
              _cons |  -27.80272   12.63554    -2.20   0.029    -52.78863   -2.816818
-------------------------------------------------------------------------------------

      Source |       SS           df       MS      Number of obs   =       678
-------------+----------------------------------   F(18, 659)      =      5.09
       Model |   80182.733        18  4454.59628   Prob > F        =    0.0000
    Residual |  576252.132       659  874.434191   R-squared       =    0.1221
-------------+----------------------------------   Adj R-squared   =    0.0982
       Total |  656434.865       677  969.623139   Root MSE        =    29.571

-------------------------------------------------------------------------------------
           delta_OP |      Coef.   Std. Err.      t    P>|t|     [95% Conf. Interval]
--------------------+----------------------------------------------------------------
              age_1 |   .8339123   .1131928     7.37   0.000     .6116503    1.056174
                    |
              sex_1 |
            Female  |   4.999671   2.391641     2.09   0.037     .3035164    9.695826
                    |
           username |
       Vivek Radja  |   6.907273   11.22241     0.62   0.538    -15.12872    28.94326
Suganya-Malarvizhi  |   6.297114   10.87429     0.58   0.563    -15.05532    27.64955
   Chithra-Radhika  |   3.612273   10.95657     0.33   0.742    -17.90172    25.12626
           Raichal  |   10.24274    11.1807     0.92   0.360    -11.71135    32.19682
      Rajalakschmi  |   9.677013   11.10736     0.87   0.384    -12.13307     31.4871
             Mayan  |   8.427799   11.23406     0.75   0.453    -13.63106    30.48666
            Pazani  |   18.08201   11.95145     1.51   0.131    -5.385492    41.54952
                    |
          villageid |
               GOV  |   8.100206   5.196956     1.56   0.120    -2.104381    18.30479
               KAR  |   13.55444    4.93665     2.75   0.006     3.860975     23.2479
               KOR  |  -3.756565   5.631545    -0.67   0.505     -14.8145    7.301369
               KUV  |   5.914231   5.676629     1.04   0.298    -5.232228    17.06069
               MAN  |   3.840102   5.254247     0.73   0.465    -6.476982    14.15719
             MANAM  |    9.62563   5.415473     1.78   0.076    -1.008031    20.25929
               NAT  |   3.640876   4.835948     0.75   0.452    -5.854848     13.1366
               ORA  |   10.39783   4.975297     2.09   0.037     .6284845    20.16718
               SEM  |   15.42393   4.810579     3.21   0.001     5.978021    24.86984
                    |
              _cons |  -45.73398   12.39721    -3.69   0.000    -70.07677   -21.39119
-------------------------------------------------------------------------------------

      Source |       SS           df       MS      Number of obs   =       155
-------------+----------------------------------   F(17, 137)      =      3.23
       Model |  19992.9877        17   1176.0581   Prob > F        =    0.0001
    Residual |  49834.5233       137  363.755645   R-squared       =    0.2863
-------------+----------------------------------   Adj R-squared   =    0.1978
       Total |  69827.5111       154  453.425397   Root MSE        =    19.072

-------------------------------------------------------------------------------------
           delta_EX |      Coef.   Std. Err.      t    P>|t|     [95% Conf. Interval]
--------------------+----------------------------------------------------------------
              age_1 |  -.2724908   .4876419    -0.56   0.577    -1.236769    .6917875
                    |
              sex_1 |
            Female  |   15.84529   3.261439     4.86   0.000     9.396021    22.29456
                    |
           username |
Suganya-Malarvizhi  |   5.848411   5.318399     1.10   0.273    -4.668358    16.36518
   Chithra-Radhika  |    15.5669   5.785642     2.69   0.008     4.126191    27.00761
           Raichal  |   -10.2477   7.215565    -1.42   0.158    -24.51598    4.020585
      Rajalakschmi  |   12.16656   6.483803     1.88   0.063    -.6547159    24.98783
             Mayan  |   7.206767   5.503927     1.31   0.193     -3.67687     18.0904
            Pazani  |   6.723327   6.890124     0.98   0.331    -6.901419    20.34807
                    |
          villageid |
               GOV  |    17.6346   7.895503     2.23   0.027     2.021782    33.24741
               KAR  |    16.6128    6.81903     2.44   0.016     3.128633    30.09696
               KOR  |     11.632   7.328175     1.59   0.115    -2.858964    26.12296
               KUV  |   5.040644   7.834798     0.64   0.521    -10.45213    20.53342
               MAN  |   4.919055   7.515334     0.65   0.514    -9.942001    19.78011
             MANAM  |   3.005371   6.853083     0.44   0.662    -10.54613    16.55687
               NAT  |  -4.521085    7.30399    -0.62   0.537    -18.96422    9.922053
               ORA  |   5.870567   6.793052     0.86   0.389    -7.562226    19.30336
               SEM  |  -.1458414    7.85111    -0.02   0.985    -15.67087    15.37919
                    |
              _cons |   -21.7263   12.71521    -1.71   0.090    -46.86976    3.417157
-------------------------------------------------------------------------------------

      Source |       SS           df       MS      Number of obs   =       678
-------------+----------------------------------   F(18, 659)      =      4.46
       Model |  28180.4308        18  1565.57949   Prob > F        =    0.0000
    Residual |   231227.42       659  350.876206   R-squared       =    0.1086
-------------+----------------------------------   Adj R-squared   =    0.0843
       Total |   259407.85       677    383.1726   Root MSE        =    18.732

-------------------------------------------------------------------------------------
           delta_EX |      Coef.   Std. Err.      t    P>|t|     [95% Conf. Interval]
--------------------+----------------------------------------------------------------
              age_1 |   .0403448   .0717021     0.56   0.574    -.1004474     .181137
                    |
              sex_1 |
            Female  |   3.425204   1.514989     2.26   0.024     .4504175    6.399991
                    |
           username |
       Vivek Radja  |    6.38432   7.108852     0.90   0.369     -7.57441    20.34305
Suganya-Malarvizhi  |   4.492445   6.888336     0.65   0.515    -9.033288    18.01818
   Chithra-Radhika  |   14.14536   6.940454     2.04   0.042     .5172898    27.77343
           Raichal  |   2.859805   7.082429     0.40   0.686    -11.04704    16.76665
      Rajalakschmi  |   12.08499   7.035976     1.72   0.086    -1.730648    25.90062
             Mayan  |   13.40795   7.116231     1.88   0.060    -.5652643    27.38117
            Pazani  |   22.69756   7.570662     3.00   0.003     7.832031    37.56309
                    |
          villageid |
               GOV  |   14.70114   3.292019     4.47   0.000     8.237027    21.16525
               KAR  |   1.477671   3.127129     0.47   0.637    -4.662666    7.618008
               KOR  |  -2.458506   3.567311    -0.69   0.491    -9.463171    4.546159
               KUV  |   -2.16494   3.595869    -0.60   0.547    -9.225682    4.895802
               MAN  |   .5448706   3.328311     0.16   0.870    -5.990502    7.080243
             MANAM  |  -2.212779    3.43044    -0.65   0.519    -8.948689     4.52313
               NAT  |    3.27729   3.063339     1.07   0.285    -2.737791     9.29237
               ORA  |   .3031054    3.15161     0.10   0.923    -5.885302    6.491513
               SEM  |  -1.842992   3.047269    -0.60   0.546    -7.826518    4.140535
                    |
              _cons |  -22.35326   7.853031    -2.85   0.005    -37.77323   -6.933278
-------------------------------------------------------------------------------------

      Source |       SS           df       MS      Number of obs   =       155
-------------+----------------------------------   F(17, 137)      =      1.17
       Model |  77043.1232        17  4531.94842   Prob > F        =    0.2954
    Residual |  529797.072       137  3867.13191   R-squared       =    0.1270
-------------+----------------------------------   Adj R-squared   =    0.0186
       Total |  606840.196       154  3940.52075   Root MSE        =    62.186

-------------------------------------------------------------------------------------
           delta_ES |      Coef.   Std. Err.      t    P>|t|     [95% Conf. Interval]
--------------------+----------------------------------------------------------------
              age_1 |  -.3981388   1.589976    -0.25   0.803    -3.542207     2.74593
                    |
              sex_1 |
            Female  |   .5672706   10.63405     0.05   0.958    -20.46084    21.59538
                    |
           username |
Suganya-Malarvizhi  |   24.88328   17.34086     1.43   0.154    -9.407076    59.17363
   Chithra-Radhika  |   1.609366   18.86432     0.09   0.932    -35.69353    38.91226
           Raichal  |   16.82933   23.52664     0.72   0.476    -29.69299    63.35164
      Rajalakschmi  |   34.26916    21.1407     1.62   0.107    -7.535125    76.07345
             Mayan  |   32.15215   17.94578     1.79   0.075    -3.334396    67.63869
            Pazani  |   1.735265   22.46553     0.08   0.939    -42.68877     46.1593
                    |
          villageid |
               GOV  |   17.36533   25.74361     0.67   0.501    -33.54088    68.27154
               KAR  |   52.42094   22.23373     2.36   0.020     8.455281    96.38661
               KOR  |   22.33102   23.89381     0.93   0.352    -24.91735    69.57939
               KUV  |   5.815168   25.54568     0.23   0.820    -44.69965    56.32999
               MAN  |    1.11728   24.50405     0.05   0.964     -47.3378    49.57236
             MANAM  |   2.474945   22.34475     0.11   0.912    -41.71027    46.66016
               NAT  |  -1.587236   23.81496    -0.07   0.947    -48.67968     45.5052
               ORA  |   20.06344   22.14902     0.91   0.367    -23.73473    63.86161
               SEM  |  -7.764798   25.59886    -0.30   0.762    -58.38479    42.85519
                    |
              _cons |  -34.45398   41.45847    -0.83   0.407    -116.4352    47.52729
-------------------------------------------------------------------------------------

      Source |       SS           df       MS      Number of obs   =       678
-------------+----------------------------------   F(18, 659)      =     18.65
       Model |  193691.624        18  10760.6458   Prob > F        =    0.0000
    Residual |  380263.939       659  577.031774   R-squared       =    0.3375
-------------+----------------------------------   Adj R-squared   =    0.3194
       Total |  573955.563       677   847.79256   Root MSE        =    24.021

-------------------------------------------------------------------------------------
           delta_ES |      Coef.   Std. Err.      t    P>|t|     [95% Conf. Interval]
--------------------+----------------------------------------------------------------
              age_1 |  -.0398303   .0919507    -0.43   0.665    -.2203819    .1407213
                    |
              sex_1 |
            Female  |   2.570111   1.942819     1.32   0.186     -1.24475    6.384972
                    |
           username |
       Vivek Radja  |   -7.85757   9.116379    -0.86   0.389    -25.75822    10.04308
Suganya-Malarvizhi  |   -12.7218    8.83359    -1.44   0.150    -30.06717    4.623577
   Chithra-Radhika  |  -18.27663   8.900426    -2.05   0.040    -35.75324   -.8000185
           Raichal  |   4.888828   9.082495     0.54   0.591    -12.94529    22.72295
      Rajalakschmi  |   26.35236   9.022923     2.92   0.004     8.635212     44.0695
             Mayan  |   15.85095   9.125841     1.74   0.083     -2.06828    33.77018
            Pazani  |   9.289919   9.708604     0.96   0.339    -9.773607    28.35345
                    |
          villageid |
               GOV  |   13.23908    4.22168     3.14   0.002     4.949519    21.52865
               KAR  |   1.898484   4.010224     0.47   0.636    -5.975873    9.772841
               KOR  |   6.004818   4.574713     1.31   0.190    -2.977952    14.98759
               KUV  |  -7.085954   4.611336    -1.54   0.125    -16.14064    1.968728
               MAN  |  -7.983979    4.26822    -1.87   0.062    -16.36493    .3969709
             MANAM  |  -4.446196    4.39919    -1.01   0.313    -13.08431    4.191922
               NAT  |   1.770172    3.92842     0.45   0.652    -5.943557      9.4839
               ORA  |   3.015066   4.041619     0.75   0.456    -4.920937    10.95107
               SEM  |   1.964633   3.907812     0.50   0.615    -5.708631    9.637897
                    |
              _cons |  -17.45979   10.07071    -1.73   0.083    -37.23434    2.314766
-------------------------------------------------------------------------------------

      Source |       SS           df       MS      Number of obs   =       155
-------------+----------------------------------   F(17, 137)      =      1.66
       Model |   9625.8831        17  566.228418   Prob > F        =    0.0573
    Residual |  46677.8192       137  340.714009   R-squared       =    0.1710
-------------+----------------------------------   Adj R-squared   =    0.0681
       Total |  56303.7023       154  365.608457   Root MSE        =    18.458

-------------------------------------------------------------------------------------
           delta_AG |      Coef.   Std. Err.      t    P>|t|     [95% Conf. Interval]
--------------------+----------------------------------------------------------------
              age_1 |  -1.110153   .4719447    -2.35   0.020    -2.043391   -.1769149
                    |
              sex_1 |
            Female  |   5.341544   3.156453     1.69   0.093    -.9001246    11.58321
                    |
           username |
Suganya-Malarvizhi  |   4.326505     5.1472     0.84   0.402    -5.851729    14.50474
   Chithra-Radhika  |   4.823406   5.599403     0.86   0.391    -6.249027    15.89584
           Raichal  |  -.9395653   6.983296    -0.13   0.893    -14.74855    12.86942
      Rajalakschmi  |  -.6279133    6.27509    -0.10   0.920    -13.03647    11.78065
             Mayan  |   1.473698   5.326756     0.28   0.782    -9.059595    12.00699
            Pazani  |  -.7754562   6.668331    -0.12   0.908    -13.96162    12.41071
                    |
          villageid |
               GOV  |   14.43595   7.641347     1.89   0.061    -.6742875    29.54619
               KAR  |   8.721939   6.599526     1.32   0.189     -4.32817    21.77205
               KOR  |   11.64943   7.092281     1.64   0.103    -2.375068    25.67393
               KUV  |   1.696953   7.582596     0.22   0.823    -13.29711    16.69101
               MAN  |  -7.258387   7.273415    -1.00   0.320    -21.64107    7.124291
             MANAM  |  -5.170064   6.632482    -0.78   0.437    -18.28534    7.945213
               NAT  |  -3.429525   7.068875    -0.49   0.628    -17.40774    10.54869
               ORA  |   4.986865   6.574384     0.76   0.449    -8.013527    17.98726
               SEM  |  -5.267797   7.598383    -0.69   0.489    -20.29308    9.757483
                    |
              _cons |    11.3893   12.30591     0.93   0.356    -12.94479    35.72339
-------------------------------------------------------------------------------------

      Source |       SS           df       MS      Number of obs   =       678
-------------+----------------------------------   F(18, 659)      =      2.70
       Model |  12640.6556        18  702.258642   Prob > F        =    0.0002
    Residual |  171126.585       659  259.676153   R-squared       =    0.0688
-------------+----------------------------------   Adj R-squared   =    0.0434
       Total |  183767.241       677  271.443487   Root MSE        =    16.114

-------------------------------------------------------------------------------------
           delta_AG |      Coef.   Std. Err.      t    P>|t|     [95% Conf. Interval]
--------------------+----------------------------------------------------------------
              age_1 |   .0683017   .0616838     1.11   0.269    -.0528188    .1894221
                    |
              sex_1 |
            Female  |  -.9148373   1.303312    -0.70   0.483    -3.473982    1.644308
                    |
           username |
       Vivek Radja  |   5.649716   6.115592     0.92   0.356     -6.35868    17.65811
Suganya-Malarvizhi  |    7.14566   5.925888     1.21   0.228    -4.490236    18.78156
   Chithra-Radhika  |   10.62307   5.970724     1.78   0.076    -1.100868      22.347
           Raichal  |   9.633793   6.092862     1.58   0.114    -2.329969    21.59756
      Rajalakschmi  |   11.59432   6.052899     1.92   0.056    -.2909697    23.47961
             Mayan  |    14.9357    6.12194     2.44   0.015     2.914839    26.95656
            Pazani  |   22.98992   6.512878     3.53   0.000     10.20142    35.77841
                    |
          villageid |
               GOV  |    4.09793   2.832054     1.45   0.148    -1.463006    9.658866
               KAR  |     .25442   2.690202     0.09   0.925     -5.02798     5.53682
               KOR  |  -1.786713   3.068881    -0.58   0.561    -7.812676     4.23925
               KUV  |  -4.620659   3.093449    -1.49   0.136    -10.69486    1.453546
               MAN  |  -.6295739   2.863275    -0.22   0.826    -6.251815    4.992667
             MANAM  |  -3.002065   2.951134    -1.02   0.309    -8.796823    2.792693
               NAT  |   .7987573   2.635324     0.30   0.762    -4.375887    5.973402
               ORA  |  -1.573151   2.711262    -0.58   0.562    -6.896905    3.750603
               SEM  |  -.1662897     2.6215    -0.06   0.949    -5.313789     4.98121
                    |
              _cons |  -22.56443   6.755794    -3.34   0.001    -35.82991   -9.298954
-------------------------------------------------------------------------------------

. 
end of do-file

. do "C:\Users\anatal\AppData\Local\Temp\STD1280_000000.tmp"

. log close
      name:  <unnamed>
       log:  c:evoperso.log
  log type:  text
 closed on:   2 Jul 2021, 17:45:13
------------------------------------------------------------------------------------------------------------------------------------------
